CRITICAL - 2023-01-28 11:58:13 --> Undefined variable $specialite
in APPPATH/Controllers/SpecialiteController.php on line 32.
 1 APPPATH/Controllers/SpecialiteController.php(32): CodeIgniter\Debug\Exceptions->errorHandler()
 2 SYSTEMPATH/CodeIgniter.php(934): App\Controllers\SpecialiteController->show()
 3 SYSTEMPATH/CodeIgniter.php(499): CodeIgniter\CodeIgniter->runController()
 4 SYSTEMPATH/CodeIgniter.php(368): CodeIgniter\CodeIgniter->handleRequest()
 5 FCPATH/index.php(67): CodeIgniter\CodeIgniter->run()
 6 SYSTEMPATH/Commands/Server/rewrite.php(47): require_once('FCPATH/index.php')
CRITICAL - 2023-01-28 11:58:18 --> Undefined variable $specialite
in APPPATH/Controllers/SpecialiteController.php on line 32.
 1 APPPATH/Controllers/SpecialiteController.php(32): CodeIgniter\Debug\Exceptions->errorHandler()
 2 SYSTEMPATH/CodeIgniter.php(934): App\Controllers\SpecialiteController->show()
 3 SYSTEMPATH/CodeIgniter.php(499): CodeIgniter\CodeIgniter->runController()
 4 SYSTEMPATH/CodeIgniter.php(368): CodeIgniter\CodeIgniter->handleRequest()
 5 FCPATH/index.php(67): CodeIgniter\CodeIgniter->run()
 6 SYSTEMPATH/Commands/Server/rewrite.php(47): require_once('FCPATH/index.php')
ERROR - 2023-01-28 12:04:37 --> mysqli_sql_exception: Column 'id_etudiant' cannot be null in /var/www/html/education/vendor/codeigniter4/framework/system/Database/MySQLi/Connection.php:295
Stack trace:
#0 /var/www/html/education/vendor/codeigniter4/framework/system/Database/MySQLi/Connection.php(295): mysqli->query()
#1 /var/www/html/education/vendor/codeigniter4/framework/system/Database/BaseConnection.php(691): CodeIgniter\Database\MySQLi\Connection->execute()
#2 /var/www/html/education/vendor/codeigniter4/framework/system/Database/BaseConnection.php(605): CodeIgniter\Database\BaseConnection->simpleQuery()
#3 /var/www/html/education/vendor/codeigniter4/framework/system/Database/BaseBuilder.php(2295): CodeIgniter\Database\BaseConnection->query()
#4 /var/www/html/education/vendor/codeigniter4/framework/system/Model.php(329): CodeIgniter\Database\BaseBuilder->insert()
#5 /var/www/html/education/vendor/codeigniter4/framework/system/BaseModel.php(782): CodeIgniter\Model->doInsert()
#6 /var/www/html/education/vendor/codeigniter4/framework/system/Model.php(729): CodeIgniter\BaseModel->insert()
#7 /var/www/html/education/app/Controllers/EnroulementController.php(71): CodeIgniter\Model->insert()
#8 /var/www/html/education/vendor/codeigniter4/framework/system/CodeIgniter.php(934): App\Controllers\EnroulementController->create()
#9 /var/www/html/education/vendor/codeigniter4/framework/system/CodeIgniter.php(499): CodeIgniter\CodeIgniter->runController()
#10 /var/www/html/education/vendor/codeigniter4/framework/system/CodeIgniter.php(368): CodeIgniter\CodeIgniter->handleRequest()
#11 /var/www/html/education/public/index.php(67): CodeIgniter\CodeIgniter->run()
#12 /var/www/html/education/vendor/codeigniter4/framework/system/Commands/Server/rewrite.php(47): require_once('...')
#13 {main}
CRITICAL - 2023-01-28 12:04:37 --> Column 'id_etudiant' cannot be null
in SYSTEMPATH/Database/BaseConnection.php on line 645.
 1 SYSTEMPATH/Database/BaseBuilder.php(2295): CodeIgniter\Database\BaseConnection->query()
 2 SYSTEMPATH/Model.php(329): CodeIgniter\Database\BaseBuilder->insert()
 3 SYSTEMPATH/BaseModel.php(782): CodeIgniter\Model->doInsert()
 4 SYSTEMPATH/Model.php(729): CodeIgniter\BaseModel->insert()
 5 APPPATH/Controllers/EnroulementController.php(71): CodeIgniter\Model->insert()
 6 SYSTEMPATH/CodeIgniter.php(934): App\Controllers\EnroulementController->create()
 7 SYSTEMPATH/CodeIgniter.php(499): CodeIgniter\CodeIgniter->runController()
 8 SYSTEMPATH/CodeIgniter.php(368): CodeIgniter\CodeIgniter->handleRequest()
 9 FCPATH/index.php(67): CodeIgniter\CodeIgniter->run()
10 SYSTEMPATH/Commands/Server/rewrite.php(47): require_once('FCPATH/index.php')
ERROR - 2023-01-28 12:07:16 --> mysqli_sql_exception: Column 'id_etudiant' cannot be null in /var/www/html/education/vendor/codeigniter4/framework/system/Database/MySQLi/Connection.php:295
Stack trace:
#0 /var/www/html/education/vendor/codeigniter4/framework/system/Database/MySQLi/Connection.php(295): mysqli->query()
#1 /var/www/html/education/vendor/codeigniter4/framework/system/Database/BaseConnection.php(691): CodeIgniter\Database\MySQLi\Connection->execute()
#2 /var/www/html/education/vendor/codeigniter4/framework/system/Database/BaseConnection.php(605): CodeIgniter\Database\BaseConnection->simpleQuery()
#3 /var/www/html/education/vendor/codeigniter4/framework/system/Database/BaseBuilder.php(2295): CodeIgniter\Database\BaseConnection->query()
#4 /var/www/html/education/vendor/codeigniter4/framework/system/Model.php(329): CodeIgniter\Database\BaseBuilder->insert()
#5 /var/www/html/education/vendor/codeigniter4/framework/system/BaseModel.php(782): CodeIgniter\Model->doInsert()
#6 /var/www/html/education/vendor/codeigniter4/framework/system/Model.php(729): CodeIgniter\BaseModel->insert()
#7 /var/www/html/education/app/Controllers/EnroulementController.php(71): CodeIgniter\Model->insert()
#8 /var/www/html/education/vendor/codeigniter4/framework/system/CodeIgniter.php(934): App\Controllers\EnroulementController->create()
#9 /var/www/html/education/vendor/codeigniter4/framework/system/CodeIgniter.php(499): CodeIgniter\CodeIgniter->runController()
#10 /var/www/html/education/vendor/codeigniter4/framework/system/CodeIgniter.php(368): CodeIgniter\CodeIgniter->handleRequest()
#11 /var/www/html/education/public/index.php(67): CodeIgniter\CodeIgniter->run()
#12 /var/www/html/education/vendor/codeigniter4/framework/system/Commands/Server/rewrite.php(47): require_once('...')
#13 {main}
CRITICAL - 2023-01-28 12:07:16 --> Column 'id_etudiant' cannot be null
in SYSTEMPATH/Database/BaseConnection.php on line 645.
 1 SYSTEMPATH/Database/BaseBuilder.php(2295): CodeIgniter\Database\BaseConnection->query()
 2 SYSTEMPATH/Model.php(329): CodeIgniter\Database\BaseBuilder->insert()
 3 SYSTEMPATH/BaseModel.php(782): CodeIgniter\Model->doInsert()
 4 SYSTEMPATH/Model.php(729): CodeIgniter\BaseModel->insert()
 5 APPPATH/Controllers/EnroulementController.php(71): CodeIgniter\Model->insert()
 6 SYSTEMPATH/CodeIgniter.php(934): App\Controllers\EnroulementController->create()
 7 SYSTEMPATH/CodeIgniter.php(499): CodeIgniter\CodeIgniter->runController()
 8 SYSTEMPATH/CodeIgniter.php(368): CodeIgniter\CodeIgniter->handleRequest()
 9 FCPATH/index.php(67): CodeIgniter\CodeIgniter->run()
10 SYSTEMPATH/Commands/Server/rewrite.php(47): require_once('FCPATH/index.php')
ERROR - 2023-01-28 12:09:03 --> mysqli_sql_exception: Column 'id_etudiant' cannot be null in /var/www/html/education/vendor/codeigniter4/framework/system/Database/MySQLi/Connection.php:295
Stack trace:
#0 /var/www/html/education/vendor/codeigniter4/framework/system/Database/MySQLi/Connection.php(295): mysqli->query()
#1 /var/www/html/education/vendor/codeigniter4/framework/system/Database/BaseConnection.php(691): CodeIgniter\Database\MySQLi\Connection->execute()
#2 /var/www/html/education/vendor/codeigniter4/framework/system/Database/BaseConnection.php(605): CodeIgniter\Database\BaseConnection->simpleQuery()
#3 /var/www/html/education/vendor/codeigniter4/framework/system/Database/BaseBuilder.php(2295): CodeIgniter\Database\BaseConnection->query()
#4 /var/www/html/education/vendor/codeigniter4/framework/system/Model.php(329): CodeIgniter\Database\BaseBuilder->insert()
#5 /var/www/html/education/vendor/codeigniter4/framework/system/BaseModel.php(782): CodeIgniter\Model->doInsert()
#6 /var/www/html/education/vendor/codeigniter4/framework/system/Model.php(729): CodeIgniter\BaseModel->insert()
#7 /var/www/html/education/app/Controllers/EnroulementController.php(71): CodeIgniter\Model->insert()
#8 /var/www/html/education/vendor/codeigniter4/framework/system/CodeIgniter.php(934): App\Controllers\EnroulementController->create()
#9 /var/www/html/education/vendor/codeigniter4/framework/system/CodeIgniter.php(499): CodeIgniter\CodeIgniter->runController()
#10 /var/www/html/education/vendor/codeigniter4/framework/system/CodeIgniter.php(368): CodeIgniter\CodeIgniter->handleRequest()
#11 /var/www/html/education/public/index.php(67): CodeIgniter\CodeIgniter->run()
#12 /var/www/html/education/vendor/codeigniter4/framework/system/Commands/Server/rewrite.php(47): require_once('...')
#13 {main}
CRITICAL - 2023-01-28 12:09:03 --> Column 'id_etudiant' cannot be null
in SYSTEMPATH/Database/BaseConnection.php on line 645.
 1 SYSTEMPATH/Database/BaseBuilder.php(2295): CodeIgniter\Database\BaseConnection->query()
 2 SYSTEMPATH/Model.php(329): CodeIgniter\Database\BaseBuilder->insert()
 3 SYSTEMPATH/BaseModel.php(782): CodeIgniter\Model->doInsert()
 4 SYSTEMPATH/Model.php(729): CodeIgniter\BaseModel->insert()
 5 APPPATH/Controllers/EnroulementController.php(71): CodeIgniter\Model->insert()
 6 SYSTEMPATH/CodeIgniter.php(934): App\Controllers\EnroulementController->create()
 7 SYSTEMPATH/CodeIgniter.php(499): CodeIgniter\CodeIgniter->runController()
 8 SYSTEMPATH/CodeIgniter.php(368): CodeIgniter\CodeIgniter->handleRequest()
 9 FCPATH/index.php(67): CodeIgniter\CodeIgniter->run()
10 SYSTEMPATH/Commands/Server/rewrite.php(47): require_once('FCPATH/index.php')
ERROR - 2023-01-28 12:16:48 --> mysqli_sql_exception: Column 'id_etudiant' cannot be null in /var/www/html/education/vendor/codeigniter4/framework/system/Database/MySQLi/Connection.php:295
Stack trace:
#0 /var/www/html/education/vendor/codeigniter4/framework/system/Database/MySQLi/Connection.php(295): mysqli->query()
#1 /var/www/html/education/vendor/codeigniter4/framework/system/Database/BaseConnection.php(691): CodeIgniter\Database\MySQLi\Connection->execute()
#2 /var/www/html/education/vendor/codeigniter4/framework/system/Database/BaseConnection.php(605): CodeIgniter\Database\BaseConnection->simpleQuery()
#3 /var/www/html/education/vendor/codeigniter4/framework/system/Database/BaseBuilder.php(2295): CodeIgniter\Database\BaseConnection->query()
#4 /var/www/html/education/vendor/codeigniter4/framework/system/Model.php(329): CodeIgniter\Database\BaseBuilder->insert()
#5 /var/www/html/education/vendor/codeigniter4/framework/system/BaseModel.php(782): CodeIgniter\Model->doInsert()
#6 /var/www/html/education/vendor/codeigniter4/framework/system/Model.php(729): CodeIgniter\BaseModel->insert()
#7 /var/www/html/education/app/Controllers/EnroulementController.php(71): CodeIgniter\Model->insert()
#8 /var/www/html/education/vendor/codeigniter4/framework/system/CodeIgniter.php(934): App\Controllers\EnroulementController->create()
#9 /var/www/html/education/vendor/codeigniter4/framework/system/CodeIgniter.php(499): CodeIgniter\CodeIgniter->runController()
#10 /var/www/html/education/vendor/codeigniter4/framework/system/CodeIgniter.php(368): CodeIgniter\CodeIgniter->handleRequest()
#11 /var/www/html/education/public/index.php(67): CodeIgniter\CodeIgniter->run()
#12 /var/www/html/education/vendor/codeigniter4/framework/system/Commands/Server/rewrite.php(47): require_once('...')
#13 {main}
CRITICAL - 2023-01-28 12:16:48 --> Column 'id_etudiant' cannot be null
in SYSTEMPATH/Database/BaseConnection.php on line 645.
 1 SYSTEMPATH/Database/BaseBuilder.php(2295): CodeIgniter\Database\BaseConnection->query()
 2 SYSTEMPATH/Model.php(329): CodeIgniter\Database\BaseBuilder->insert()
 3 SYSTEMPATH/BaseModel.php(782): CodeIgniter\Model->doInsert()
 4 SYSTEMPATH/Model.php(729): CodeIgniter\BaseModel->insert()
 5 APPPATH/Controllers/EnroulementController.php(71): CodeIgniter\Model->insert()
 6 SYSTEMPATH/CodeIgniter.php(934): App\Controllers\EnroulementController->create()
 7 SYSTEMPATH/CodeIgniter.php(499): CodeIgniter\CodeIgniter->runController()
 8 SYSTEMPATH/CodeIgniter.php(368): CodeIgniter\CodeIgniter->handleRequest()
 9 FCPATH/index.php(67): CodeIgniter\CodeIgniter->run()
10 SYSTEMPATH/Commands/Server/rewrite.php(47): require_once('FCPATH/index.php')
ERROR - 2023-01-28 12:19:16 --> mysqli_sql_exception: Column 'id_etudiant' cannot be null in /var/www/html/education/vendor/codeigniter4/framework/system/Database/MySQLi/Connection.php:295
Stack trace:
#0 /var/www/html/education/vendor/codeigniter4/framework/system/Database/MySQLi/Connection.php(295): mysqli->query()
#1 /var/www/html/education/vendor/codeigniter4/framework/system/Database/BaseConnection.php(691): CodeIgniter\Database\MySQLi\Connection->execute()
#2 /var/www/html/education/vendor/codeigniter4/framework/system/Database/BaseConnection.php(605): CodeIgniter\Database\BaseConnection->simpleQuery()
#3 /var/www/html/education/vendor/codeigniter4/framework/system/Database/BaseBuilder.php(2295): CodeIgniter\Database\BaseConnection->query()
#4 /var/www/html/education/vendor/codeigniter4/framework/system/Model.php(329): CodeIgniter\Database\BaseBuilder->insert()
#5 /var/www/html/education/vendor/codeigniter4/framework/system/BaseModel.php(782): CodeIgniter\Model->doInsert()
#6 /var/www/html/education/vendor/codeigniter4/framework/system/Model.php(729): CodeIgniter\BaseModel->insert()
#7 /var/www/html/education/app/Controllers/EnroulementController.php(71): CodeIgniter\Model->insert()
#8 /var/www/html/education/vendor/codeigniter4/framework/system/CodeIgniter.php(934): App\Controllers\EnroulementController->create()
#9 /var/www/html/education/vendor/codeigniter4/framework/system/CodeIgniter.php(499): CodeIgniter\CodeIgniter->runController()
#10 /var/www/html/education/vendor/codeigniter4/framework/system/CodeIgniter.php(368): CodeIgniter\CodeIgniter->handleRequest()
#11 /var/www/html/education/public/index.php(67): CodeIgniter\CodeIgniter->run()
#12 /var/www/html/education/vendor/codeigniter4/framework/system/Commands/Server/rewrite.php(47): require_once('...')
#13 {main}
CRITICAL - 2023-01-28 12:19:16 --> Column 'id_etudiant' cannot be null
in SYSTEMPATH/Database/BaseConnection.php on line 645.
 1 SYSTEMPATH/Database/BaseBuilder.php(2295): CodeIgniter\Database\BaseConnection->query()
 2 SYSTEMPATH/Model.php(329): CodeIgniter\Database\BaseBuilder->insert()
 3 SYSTEMPATH/BaseModel.php(782): CodeIgniter\Model->doInsert()
 4 SYSTEMPATH/Model.php(729): CodeIgniter\BaseModel->insert()
 5 APPPATH/Controllers/EnroulementController.php(71): CodeIgniter\Model->insert()
 6 SYSTEMPATH/CodeIgniter.php(934): App\Controllers\EnroulementController->create()
 7 SYSTEMPATH/CodeIgniter.php(499): CodeIgniter\CodeIgniter->runController()
 8 SYSTEMPATH/CodeIgniter.php(368): CodeIgniter\CodeIgniter->handleRequest()
 9 FCPATH/index.php(67): CodeIgniter\CodeIgniter->run()
10 SYSTEMPATH/Commands/Server/rewrite.php(47): require_once('FCPATH/index.php')
