CRITICAL - 2023-02-02 13:35:54 --> CodeIgniter\Database\BaseBuilder::like(): Argument #2 ($match) must be of type string, null given, called in /var/www/html/education/app/Controllers/SpecialiteController.php on line 151
in SYSTEMPATH/Database/BaseBuilder.php on line 970.
 1 APPPATH/Controllers/SpecialiteController.php(151): CodeIgniter\Database\BaseBuilder->like()
 2 SYSTEMPATH/CodeIgniter.php(934): App\Controllers\SpecialiteController->ajaxSearch()
 3 SYSTEMPATH/CodeIgniter.php(499): CodeIgniter\CodeIgniter->runController()
 4 SYSTEMPATH/CodeIgniter.php(368): CodeIgniter\CodeIgniter->handleRequest()
 5 FCPATH/index.php(67): CodeIgniter\CodeIgniter->run()
 6 SYSTEMPATH/Commands/Server/rewrite.php(47): require_once('FCPATH/index.php')
CRITICAL - 2023-02-02 13:49:18 --> CodeIgniter\Database\BaseBuilder::like(): Argument #2 ($match) must be of type string, null given, called in /var/www/html/education/app/Controllers/SpecialiteController.php on line 151
in SYSTEMPATH/Database/BaseBuilder.php on line 970.
 1 APPPATH/Controllers/SpecialiteController.php(151): CodeIgniter\Database\BaseBuilder->like()
 2 SYSTEMPATH/CodeIgniter.php(934): App\Controllers\SpecialiteController->ajaxSearch()
 3 SYSTEMPATH/CodeIgniter.php(499): CodeIgniter\CodeIgniter->runController()
 4 SYSTEMPATH/CodeIgniter.php(368): CodeIgniter\CodeIgniter->handleRequest()
 5 FCPATH/index.php(67): CodeIgniter\CodeIgniter->run()
 6 SYSTEMPATH/Commands/Server/rewrite.php(47): require_once('FCPATH/index.php')
CRITICAL - 2023-02-02 13:56:12 --> CodeIgniter\Database\BaseBuilder::like(): Argument #2 ($match) must be of type string, null given, called in /var/www/html/education/app/Controllers/SpecialiteController.php on line 151
in SYSTEMPATH/Database/BaseBuilder.php on line 970.
 1 APPPATH/Controllers/SpecialiteController.php(151): CodeIgniter\Database\BaseBuilder->like()
 2 SYSTEMPATH/CodeIgniter.php(934): App\Controllers\SpecialiteController->ajaxSearch()
 3 SYSTEMPATH/CodeIgniter.php(499): CodeIgniter\CodeIgniter->runController()
 4 SYSTEMPATH/CodeIgniter.php(368): CodeIgniter\CodeIgniter->handleRequest()
 5 FCPATH/index.php(67): CodeIgniter\CodeIgniter->run()
 6 SYSTEMPATH/Commands/Server/rewrite.php(47): require_once('FCPATH/index.php')
CRITICAL - 2023-02-02 14:04:24 --> CodeIgniter\Database\BaseBuilder::like(): Argument #2 ($match) must be of type string, null given, called in /var/www/html/education/app/Controllers/SpecialiteController.php on line 151
in SYSTEMPATH/Database/BaseBuilder.php on line 970.
 1 APPPATH/Controllers/SpecialiteController.php(151): CodeIgniter\Database\BaseBuilder->like()
 2 SYSTEMPATH/CodeIgniter.php(934): App\Controllers\SpecialiteController->ajaxSearch()
 3 SYSTEMPATH/CodeIgniter.php(499): CodeIgniter\CodeIgniter->runController()
 4 SYSTEMPATH/CodeIgniter.php(368): CodeIgniter\CodeIgniter->handleRequest()
 5 FCPATH/index.php(67): CodeIgniter\CodeIgniter->run()
 6 SYSTEMPATH/Commands/Server/rewrite.php(47): require_once('FCPATH/index.php')
CRITICAL - 2023-02-02 14:07:27 --> CodeIgniter\Database\BaseBuilder::like(): Argument #2 ($match) must be of type string, null given, called in /var/www/html/education/app/Controllers/SpecialiteController.php on line 151
in SYSTEMPATH/Database/BaseBuilder.php on line 970.
 1 APPPATH/Controllers/SpecialiteController.php(151): CodeIgniter\Database\BaseBuilder->like()
 2 SYSTEMPATH/CodeIgniter.php(934): App\Controllers\SpecialiteController->ajaxSearch()
 3 SYSTEMPATH/CodeIgniter.php(499): CodeIgniter\CodeIgniter->runController()
 4 SYSTEMPATH/CodeIgniter.php(368): CodeIgniter\CodeIgniter->handleRequest()
 5 FCPATH/index.php(67): CodeIgniter\CodeIgniter->run()
 6 SYSTEMPATH/Commands/Server/rewrite.php(47): require_once('FCPATH/index.php')
