ERROR - 2023-02-01 09:55:14 --> mysqli_sql_exception: Cannot add or update a child row: a foreign key constraint fails (`education`.`enroulement`, CONSTRAINT `enroulement_id_etudiant_foreign` FOREIGN KEY (`id_etudiant`) REFERENCES `etudiant` (`id_etudiant`)) in /var/www/html/education/vendor/codeigniter4/framework/system/Database/MySQLi/Connection.php:295
Stack trace:
#0 /var/www/html/education/vendor/codeigniter4/framework/system/Database/MySQLi/Connection.php(295): mysqli->query()
#1 /var/www/html/education/vendor/codeigniter4/framework/system/Database/BaseConnection.php(691): CodeIgniter\Database\MySQLi\Connection->execute()
#2 /var/www/html/education/vendor/codeigniter4/framework/system/Database/BaseConnection.php(605): CodeIgniter\Database\BaseConnection->simpleQuery()
#3 /var/www/html/education/vendor/codeigniter4/framework/system/Database/BaseBuilder.php(2462): CodeIgniter\Database\BaseConnection->query()
#4 /var/www/html/education/vendor/codeigniter4/framework/system/Model.php(395): CodeIgniter\Database\BaseBuilder->update()
#5 /var/www/html/education/vendor/codeigniter4/framework/system/BaseModel.php(943): CodeIgniter\Model->doUpdate()
#6 /var/www/html/education/vendor/codeigniter4/framework/system/Model.php(755): CodeIgniter\BaseModel->update()
#7 /var/www/html/education/vendor/codeigniter4/framework/system/BaseModel.php(690): CodeIgniter\Model->update()
#8 /var/www/html/education/app/Controllers/EnroulementController.php(118): CodeIgniter\BaseModel->save()
#9 /var/www/html/education/vendor/codeigniter4/framework/system/CodeIgniter.php(934): App\Controllers\EnroulementController->modifierEnroulement()
#10 /var/www/html/education/vendor/codeigniter4/framework/system/CodeIgniter.php(499): CodeIgniter\CodeIgniter->runController()
#11 /var/www/html/education/vendor/codeigniter4/framework/system/CodeIgniter.php(368): CodeIgniter\CodeIgniter->handleRequest()
#12 /var/www/html/education/public/index.php(67): CodeIgniter\CodeIgniter->run()
#13 /var/www/html/education/vendor/codeigniter4/framework/system/Commands/Server/rewrite.php(47): require_once('...')
#14 {main}
CRITICAL - 2023-02-01 09:55:15 --> Cannot add or update a child row: a foreign key constraint fails (`education`.`enroulement`, CONSTRAINT `enroulement_id_etudiant_foreign` FOREIGN KEY (`id_etudiant`) REFERENCES `etudiant` (`id_etudiant`))
in SYSTEMPATH/Database/BaseConnection.php on line 645.
 1 SYSTEMPATH/Database/BaseBuilder.php(2462): CodeIgniter\Database\BaseConnection->query()
 2 SYSTEMPATH/Model.php(395): CodeIgniter\Database\BaseBuilder->update()
 3 SYSTEMPATH/BaseModel.php(943): CodeIgniter\Model->doUpdate()
 4 SYSTEMPATH/Model.php(755): CodeIgniter\BaseModel->update()
 5 SYSTEMPATH/BaseModel.php(690): CodeIgniter\Model->update()
 6 APPPATH/Controllers/EnroulementController.php(118): CodeIgniter\BaseModel->save()
 7 SYSTEMPATH/CodeIgniter.php(934): App\Controllers\EnroulementController->modifierEnroulement()
 8 SYSTEMPATH/CodeIgniter.php(499): CodeIgniter\CodeIgniter->runController()
 9 SYSTEMPATH/CodeIgniter.php(368): CodeIgniter\CodeIgniter->handleRequest()
10 FCPATH/index.php(67): CodeIgniter\CodeIgniter->run()
11 SYSTEMPATH/Commands/Server/rewrite.php(47): require_once('FCPATH/index.php')
ERROR - 2023-02-01 10:00:47 --> mysqli_sql_exception: Cannot add or update a child row: a foreign key constraint fails (`education`.`enroulement`, CONSTRAINT `enroulement_id_etudiant_foreign` FOREIGN KEY (`id_etudiant`) REFERENCES `etudiant` (`id_etudiant`)) in /var/www/html/education/vendor/codeigniter4/framework/system/Database/MySQLi/Connection.php:295
Stack trace:
#0 /var/www/html/education/vendor/codeigniter4/framework/system/Database/MySQLi/Connection.php(295): mysqli->query()
#1 /var/www/html/education/vendor/codeigniter4/framework/system/Database/BaseConnection.php(691): CodeIgniter\Database\MySQLi\Connection->execute()
#2 /var/www/html/education/vendor/codeigniter4/framework/system/Database/BaseConnection.php(605): CodeIgniter\Database\BaseConnection->simpleQuery()
#3 /var/www/html/education/vendor/codeigniter4/framework/system/Database/BaseBuilder.php(2462): CodeIgniter\Database\BaseConnection->query()
#4 /var/www/html/education/vendor/codeigniter4/framework/system/Model.php(395): CodeIgniter\Database\BaseBuilder->update()
#5 /var/www/html/education/vendor/codeigniter4/framework/system/BaseModel.php(943): CodeIgniter\Model->doUpdate()
#6 /var/www/html/education/vendor/codeigniter4/framework/system/Model.php(755): CodeIgniter\BaseModel->update()
#7 /var/www/html/education/vendor/codeigniter4/framework/system/BaseModel.php(690): CodeIgniter\Model->update()
#8 /var/www/html/education/app/Controllers/EnroulementController.php(118): CodeIgniter\BaseModel->save()
#9 /var/www/html/education/vendor/codeigniter4/framework/system/CodeIgniter.php(934): App\Controllers\EnroulementController->modifierEnroulement()
#10 /var/www/html/education/vendor/codeigniter4/framework/system/CodeIgniter.php(499): CodeIgniter\CodeIgniter->runController()
#11 /var/www/html/education/vendor/codeigniter4/framework/system/CodeIgniter.php(368): CodeIgniter\CodeIgniter->handleRequest()
#12 /var/www/html/education/public/index.php(67): CodeIgniter\CodeIgniter->run()
#13 /var/www/html/education/vendor/codeigniter4/framework/system/Commands/Server/rewrite.php(47): require_once('...')
#14 {main}
CRITICAL - 2023-02-01 10:00:47 --> Cannot add or update a child row: a foreign key constraint fails (`education`.`enroulement`, CONSTRAINT `enroulement_id_etudiant_foreign` FOREIGN KEY (`id_etudiant`) REFERENCES `etudiant` (`id_etudiant`))
in SYSTEMPATH/Database/BaseConnection.php on line 645.
 1 SYSTEMPATH/Database/BaseBuilder.php(2462): CodeIgniter\Database\BaseConnection->query()
 2 SYSTEMPATH/Model.php(395): CodeIgniter\Database\BaseBuilder->update()
 3 SYSTEMPATH/BaseModel.php(943): CodeIgniter\Model->doUpdate()
 4 SYSTEMPATH/Model.php(755): CodeIgniter\BaseModel->update()
 5 SYSTEMPATH/BaseModel.php(690): CodeIgniter\Model->update()
 6 APPPATH/Controllers/EnroulementController.php(118): CodeIgniter\BaseModel->save()
 7 SYSTEMPATH/CodeIgniter.php(934): App\Controllers\EnroulementController->modifierEnroulement()
 8 SYSTEMPATH/CodeIgniter.php(499): CodeIgniter\CodeIgniter->runController()
 9 SYSTEMPATH/CodeIgniter.php(368): CodeIgniter\CodeIgniter->handleRequest()
10 FCPATH/index.php(67): CodeIgniter\CodeIgniter->run()
11 SYSTEMPATH/Commands/Server/rewrite.php(47): require_once('FCPATH/index.php')
ERROR - 2023-02-01 10:03:24 --> mysqli_sql_exception: Cannot add or update a child row: a foreign key constraint fails (`education`.`enroulement`, CONSTRAINT `enroulement_id_etudiant_foreign` FOREIGN KEY (`id_etudiant`) REFERENCES `etudiant` (`id_etudiant`)) in /var/www/html/education/vendor/codeigniter4/framework/system/Database/MySQLi/Connection.php:295
Stack trace:
#0 /var/www/html/education/vendor/codeigniter4/framework/system/Database/MySQLi/Connection.php(295): mysqli->query()
#1 /var/www/html/education/vendor/codeigniter4/framework/system/Database/BaseConnection.php(691): CodeIgniter\Database\MySQLi\Connection->execute()
#2 /var/www/html/education/vendor/codeigniter4/framework/system/Database/BaseConnection.php(605): CodeIgniter\Database\BaseConnection->simpleQuery()
#3 /var/www/html/education/vendor/codeigniter4/framework/system/Database/BaseBuilder.php(2462): CodeIgniter\Database\BaseConnection->query()
#4 /var/www/html/education/vendor/codeigniter4/framework/system/Model.php(395): CodeIgniter\Database\BaseBuilder->update()
#5 /var/www/html/education/vendor/codeigniter4/framework/system/BaseModel.php(943): CodeIgniter\Model->doUpdate()
#6 /var/www/html/education/vendor/codeigniter4/framework/system/Model.php(755): CodeIgniter\BaseModel->update()
#7 /var/www/html/education/vendor/codeigniter4/framework/system/BaseModel.php(690): CodeIgniter\Model->update()
#8 /var/www/html/education/app/Controllers/EnroulementController.php(118): CodeIgniter\BaseModel->save()
#9 /var/www/html/education/vendor/codeigniter4/framework/system/CodeIgniter.php(934): App\Controllers\EnroulementController->modifierEnroulement()
#10 /var/www/html/education/vendor/codeigniter4/framework/system/CodeIgniter.php(499): CodeIgniter\CodeIgniter->runController()
#11 /var/www/html/education/vendor/codeigniter4/framework/system/CodeIgniter.php(368): CodeIgniter\CodeIgniter->handleRequest()
#12 /var/www/html/education/public/index.php(67): CodeIgniter\CodeIgniter->run()
#13 /var/www/html/education/vendor/codeigniter4/framework/system/Commands/Server/rewrite.php(47): require_once('...')
#14 {main}
CRITICAL - 2023-02-01 10:03:24 --> Cannot add or update a child row: a foreign key constraint fails (`education`.`enroulement`, CONSTRAINT `enroulement_id_etudiant_foreign` FOREIGN KEY (`id_etudiant`) REFERENCES `etudiant` (`id_etudiant`))
in SYSTEMPATH/Database/BaseConnection.php on line 645.
 1 SYSTEMPATH/Database/BaseBuilder.php(2462): CodeIgniter\Database\BaseConnection->query()
 2 SYSTEMPATH/Model.php(395): CodeIgniter\Database\BaseBuilder->update()
 3 SYSTEMPATH/BaseModel.php(943): CodeIgniter\Model->doUpdate()
 4 SYSTEMPATH/Model.php(755): CodeIgniter\BaseModel->update()
 5 SYSTEMPATH/BaseModel.php(690): CodeIgniter\Model->update()
 6 APPPATH/Controllers/EnroulementController.php(118): CodeIgniter\BaseModel->save()
 7 SYSTEMPATH/CodeIgniter.php(934): App\Controllers\EnroulementController->modifierEnroulement()
 8 SYSTEMPATH/CodeIgniter.php(499): CodeIgniter\CodeIgniter->runController()
 9 SYSTEMPATH/CodeIgniter.php(368): CodeIgniter\CodeIgniter->handleRequest()
10 FCPATH/index.php(67): CodeIgniter\CodeIgniter->run()
11 SYSTEMPATH/Commands/Server/rewrite.php(47): require_once('FCPATH/index.php')
ERROR - 2023-02-01 10:09:20 --> mysqli_sql_exception: Cannot add or update a child row: a foreign key constraint fails (`education`.`enroulement`, CONSTRAINT `enroulement_id_etudiant_foreign` FOREIGN KEY (`id_etudiant`) REFERENCES `etudiant` (`id_etudiant`)) in /var/www/html/education/vendor/codeigniter4/framework/system/Database/MySQLi/Connection.php:295
Stack trace:
#0 /var/www/html/education/vendor/codeigniter4/framework/system/Database/MySQLi/Connection.php(295): mysqli->query()
#1 /var/www/html/education/vendor/codeigniter4/framework/system/Database/BaseConnection.php(691): CodeIgniter\Database\MySQLi\Connection->execute()
#2 /var/www/html/education/vendor/codeigniter4/framework/system/Database/BaseConnection.php(605): CodeIgniter\Database\BaseConnection->simpleQuery()
#3 /var/www/html/education/vendor/codeigniter4/framework/system/Database/BaseBuilder.php(2462): CodeIgniter\Database\BaseConnection->query()
#4 /var/www/html/education/vendor/codeigniter4/framework/system/Model.php(395): CodeIgniter\Database\BaseBuilder->update()
#5 /var/www/html/education/vendor/codeigniter4/framework/system/BaseModel.php(943): CodeIgniter\Model->doUpdate()
#6 /var/www/html/education/vendor/codeigniter4/framework/system/Model.php(755): CodeIgniter\BaseModel->update()
#7 /var/www/html/education/vendor/codeigniter4/framework/system/BaseModel.php(690): CodeIgniter\Model->update()
#8 /var/www/html/education/app/Controllers/EnroulementController.php(118): CodeIgniter\BaseModel->save()
#9 /var/www/html/education/vendor/codeigniter4/framework/system/CodeIgniter.php(934): App\Controllers\EnroulementController->modifierEnroulement()
#10 /var/www/html/education/vendor/codeigniter4/framework/system/CodeIgniter.php(499): CodeIgniter\CodeIgniter->runController()
#11 /var/www/html/education/vendor/codeigniter4/framework/system/CodeIgniter.php(368): CodeIgniter\CodeIgniter->handleRequest()
#12 /var/www/html/education/public/index.php(67): CodeIgniter\CodeIgniter->run()
#13 /var/www/html/education/vendor/codeigniter4/framework/system/Commands/Server/rewrite.php(47): require_once('...')
#14 {main}
CRITICAL - 2023-02-01 10:09:20 --> Cannot add or update a child row: a foreign key constraint fails (`education`.`enroulement`, CONSTRAINT `enroulement_id_etudiant_foreign` FOREIGN KEY (`id_etudiant`) REFERENCES `etudiant` (`id_etudiant`))
in SYSTEMPATH/Database/BaseConnection.php on line 645.
 1 SYSTEMPATH/Database/BaseBuilder.php(2462): CodeIgniter\Database\BaseConnection->query()
 2 SYSTEMPATH/Model.php(395): CodeIgniter\Database\BaseBuilder->update()
 3 SYSTEMPATH/BaseModel.php(943): CodeIgniter\Model->doUpdate()
 4 SYSTEMPATH/Model.php(755): CodeIgniter\BaseModel->update()
 5 SYSTEMPATH/BaseModel.php(690): CodeIgniter\Model->update()
 6 APPPATH/Controllers/EnroulementController.php(118): CodeIgniter\BaseModel->save()
 7 SYSTEMPATH/CodeIgniter.php(934): App\Controllers\EnroulementController->modifierEnroulement()
 8 SYSTEMPATH/CodeIgniter.php(499): CodeIgniter\CodeIgniter->runController()
 9 SYSTEMPATH/CodeIgniter.php(368): CodeIgniter\CodeIgniter->handleRequest()
10 FCPATH/index.php(67): CodeIgniter\CodeIgniter->run()
11 SYSTEMPATH/Commands/Server/rewrite.php(47): require_once('FCPATH/index.php')
ERROR - 2023-02-01 10:13:32 --> mysqli_sql_exception: Cannot add or update a child row: a foreign key constraint fails (`education`.`enroulement`, CONSTRAINT `enroulement_id_etudiant_foreign` FOREIGN KEY (`id_etudiant`) REFERENCES `etudiant` (`id_etudiant`)) in /var/www/html/education/vendor/codeigniter4/framework/system/Database/MySQLi/Connection.php:295
Stack trace:
#0 /var/www/html/education/vendor/codeigniter4/framework/system/Database/MySQLi/Connection.php(295): mysqli->query()
#1 /var/www/html/education/vendor/codeigniter4/framework/system/Database/BaseConnection.php(691): CodeIgniter\Database\MySQLi\Connection->execute()
#2 /var/www/html/education/vendor/codeigniter4/framework/system/Database/BaseConnection.php(605): CodeIgniter\Database\BaseConnection->simpleQuery()
#3 /var/www/html/education/vendor/codeigniter4/framework/system/Database/BaseBuilder.php(2462): CodeIgniter\Database\BaseConnection->query()
#4 /var/www/html/education/vendor/codeigniter4/framework/system/Model.php(395): CodeIgniter\Database\BaseBuilder->update()
#5 /var/www/html/education/vendor/codeigniter4/framework/system/BaseModel.php(943): CodeIgniter\Model->doUpdate()
#6 /var/www/html/education/vendor/codeigniter4/framework/system/Model.php(755): CodeIgniter\BaseModel->update()
#7 /var/www/html/education/vendor/codeigniter4/framework/system/BaseModel.php(690): CodeIgniter\Model->update()
#8 /var/www/html/education/app/Controllers/EnroulementController.php(118): CodeIgniter\BaseModel->save()
#9 /var/www/html/education/vendor/codeigniter4/framework/system/CodeIgniter.php(934): App\Controllers\EnroulementController->modifierEnroulement()
#10 /var/www/html/education/vendor/codeigniter4/framework/system/CodeIgniter.php(499): CodeIgniter\CodeIgniter->runController()
#11 /var/www/html/education/vendor/codeigniter4/framework/system/CodeIgniter.php(368): CodeIgniter\CodeIgniter->handleRequest()
#12 /var/www/html/education/public/index.php(67): CodeIgniter\CodeIgniter->run()
#13 /var/www/html/education/vendor/codeigniter4/framework/system/Commands/Server/rewrite.php(47): require_once('...')
#14 {main}
CRITICAL - 2023-02-01 10:13:32 --> Cannot add or update a child row: a foreign key constraint fails (`education`.`enroulement`, CONSTRAINT `enroulement_id_etudiant_foreign` FOREIGN KEY (`id_etudiant`) REFERENCES `etudiant` (`id_etudiant`))
in SYSTEMPATH/Database/BaseConnection.php on line 645.
 1 SYSTEMPATH/Database/BaseBuilder.php(2462): CodeIgniter\Database\BaseConnection->query()
 2 SYSTEMPATH/Model.php(395): CodeIgniter\Database\BaseBuilder->update()
 3 SYSTEMPATH/BaseModel.php(943): CodeIgniter\Model->doUpdate()
 4 SYSTEMPATH/Model.php(755): CodeIgniter\BaseModel->update()
 5 SYSTEMPATH/BaseModel.php(690): CodeIgniter\Model->update()
 6 APPPATH/Controllers/EnroulementController.php(118): CodeIgniter\BaseModel->save()
 7 SYSTEMPATH/CodeIgniter.php(934): App\Controllers\EnroulementController->modifierEnroulement()
 8 SYSTEMPATH/CodeIgniter.php(499): CodeIgniter\CodeIgniter->runController()
 9 SYSTEMPATH/CodeIgniter.php(368): CodeIgniter\CodeIgniter->handleRequest()
10 FCPATH/index.php(67): CodeIgniter\CodeIgniter->run()
11 SYSTEMPATH/Commands/Server/rewrite.php(47): require_once('FCPATH/index.php')
