ERROR - 2023-01-18 11:16:05 --> mysqli_sql_exception: Table 'education.users' doesn't exist in /var/www/html/education/vendor/codeigniter4/framework/system/Database/MySQLi/Connection.php:295
Stack trace:
#0 /var/www/html/education/vendor/codeigniter4/framework/system/Database/MySQLi/Connection.php(295): mysqli->query()
#1 /var/www/html/education/vendor/codeigniter4/framework/system/Database/BaseConnection.php(691): CodeIgniter\Database\MySQLi\Connection->execute()
#2 /var/www/html/education/vendor/codeigniter4/framework/system/Database/BaseConnection.php(605): CodeIgniter\Database\BaseConnection->simpleQuery()
#3 /var/www/html/education/vendor/codeigniter4/framework/system/Database/BaseBuilder.php(2295): CodeIgniter\Database\BaseConnection->query()
#4 /var/www/html/education/vendor/codeigniter4/framework/system/Model.php(329): CodeIgniter\Database\BaseBuilder->insert()
#5 /var/www/html/education/vendor/codeigniter4/framework/system/BaseModel.php(782): CodeIgniter\Model->doInsert()
#6 /var/www/html/education/vendor/codeigniter4/framework/system/Model.php(729): CodeIgniter\BaseModel->insert()
#7 /var/www/html/education/vendor/codeigniter4/framework/system/BaseModel.php(692): CodeIgniter\Model->insert()
#8 /var/www/html/education/app/Database/Seeds/UserSeeder.php(22): CodeIgniter\BaseModel->save()
#9 /var/www/html/education/vendor/codeigniter4/framework/system/Database/Seeder.php(146): App\Database\Seeds\UserSeeder->run()
#10 /var/www/html/education/vendor/codeigniter4/framework/system/Commands/Database/Seed.php(77): CodeIgniter\Database\Seeder->call()
#11 /var/www/html/education/vendor/codeigniter4/framework/system/CLI/Commands.php(65): CodeIgniter\Commands\Database\Seed->run()
#12 /var/www/html/education/vendor/codeigniter4/framework/system/CLI/Console.php(37): CodeIgniter\CLI\Commands->run()
#13 /var/www/html/education/spark(97): CodeIgniter\CLI\Console->run()
#14 {main}
ERROR - 2023-01-18 11:17:55 --> mysqli_sql_exception: Table 'education.users' doesn't exist in /var/www/html/education/vendor/codeigniter4/framework/system/Database/MySQLi/Connection.php:295
Stack trace:
#0 /var/www/html/education/vendor/codeigniter4/framework/system/Database/MySQLi/Connection.php(295): mysqli->query()
#1 /var/www/html/education/vendor/codeigniter4/framework/system/Database/BaseConnection.php(691): CodeIgniter\Database\MySQLi\Connection->execute()
#2 /var/www/html/education/vendor/codeigniter4/framework/system/Database/BaseConnection.php(605): CodeIgniter\Database\BaseConnection->simpleQuery()
#3 /var/www/html/education/vendor/codeigniter4/framework/system/Database/BaseBuilder.php(2295): CodeIgniter\Database\BaseConnection->query()
#4 /var/www/html/education/vendor/codeigniter4/framework/system/Model.php(329): CodeIgniter\Database\BaseBuilder->insert()
#5 /var/www/html/education/vendor/codeigniter4/framework/system/BaseModel.php(782): CodeIgniter\Model->doInsert()
#6 /var/www/html/education/vendor/codeigniter4/framework/system/Model.php(729): CodeIgniter\BaseModel->insert()
#7 /var/www/html/education/vendor/codeigniter4/framework/system/BaseModel.php(692): CodeIgniter\Model->insert()
#8 /var/www/html/education/app/Database/Seeds/UserSeeder.php(22): CodeIgniter\BaseModel->save()
#9 /var/www/html/education/vendor/codeigniter4/framework/system/Database/Seeder.php(146): App\Database\Seeds\UserSeeder->run()
#10 /var/www/html/education/vendor/codeigniter4/framework/system/Commands/Database/Seed.php(77): CodeIgniter\Database\Seeder->call()
#11 /var/www/html/education/vendor/codeigniter4/framework/system/CLI/Commands.php(65): CodeIgniter\Commands\Database\Seed->run()
#12 /var/www/html/education/vendor/codeigniter4/framework/system/CLI/Console.php(37): CodeIgniter\CLI\Commands->run()
#13 /var/www/html/education/spark(97): CodeIgniter\CLI\Console->run()
#14 {main}
ERROR - 2023-01-18 11:27:20 --> mysqli_sql_exception: Table 'education.users' doesn't exist in /var/www/html/education/vendor/codeigniter4/framework/system/Database/MySQLi/Connection.php:295
Stack trace:
#0 /var/www/html/education/vendor/codeigniter4/framework/system/Database/MySQLi/Connection.php(295): mysqli->query()
#1 /var/www/html/education/vendor/codeigniter4/framework/system/Database/BaseConnection.php(691): CodeIgniter\Database\MySQLi\Connection->execute()
#2 /var/www/html/education/vendor/codeigniter4/framework/system/Database/BaseConnection.php(605): CodeIgniter\Database\BaseConnection->simpleQuery()
#3 /var/www/html/education/vendor/codeigniter4/framework/system/Database/BaseBuilder.php(2295): CodeIgniter\Database\BaseConnection->query()
#4 /var/www/html/education/vendor/codeigniter4/framework/system/Model.php(329): CodeIgniter\Database\BaseBuilder->insert()
#5 /var/www/html/education/vendor/codeigniter4/framework/system/BaseModel.php(782): CodeIgniter\Model->doInsert()
#6 /var/www/html/education/vendor/codeigniter4/framework/system/Model.php(729): CodeIgniter\BaseModel->insert()
#7 /var/www/html/education/vendor/codeigniter4/framework/system/BaseModel.php(692): CodeIgniter\Model->insert()
#8 /var/www/html/education/app/Database/Seeds/UserSeeder.php(21): CodeIgniter\BaseModel->save()
#9 /var/www/html/education/vendor/codeigniter4/framework/system/Database/Seeder.php(146): App\Database\Seeds\UserSeeder->run()
#10 /var/www/html/education/vendor/codeigniter4/framework/system/Commands/Database/Seed.php(77): CodeIgniter\Database\Seeder->call()
#11 /var/www/html/education/vendor/codeigniter4/framework/system/CLI/Commands.php(65): CodeIgniter\Commands\Database\Seed->run()
#12 /var/www/html/education/vendor/codeigniter4/framework/system/CLI/Console.php(37): CodeIgniter\CLI\Commands->run()
#13 /var/www/html/education/spark(97): CodeIgniter\CLI\Console->run()
#14 {main}
ERROR - 2023-01-18 13:31:05 --> mysqli_sql_exception: Cannot add or update a child row: a foreign key constraint fails (`education`.`specialite`, CONSTRAINT `specialite_id_departement_foreign` FOREIGN KEY (`id_departement`) REFERENCES `departement` (`id_departement`)) in /var/www/html/education/vendor/codeigniter4/framework/system/Database/MySQLi/Connection.php:295
Stack trace:
#0 /var/www/html/education/vendor/codeigniter4/framework/system/Database/MySQLi/Connection.php(295): mysqli->query()
#1 /var/www/html/education/vendor/codeigniter4/framework/system/Database/BaseConnection.php(691): CodeIgniter\Database\MySQLi\Connection->execute()
#2 /var/www/html/education/vendor/codeigniter4/framework/system/Database/BaseConnection.php(605): CodeIgniter\Database\BaseConnection->simpleQuery()
#3 /var/www/html/education/vendor/codeigniter4/framework/system/Database/BaseBuilder.php(2295): CodeIgniter\Database\BaseConnection->query()
#4 /var/www/html/education/vendor/codeigniter4/framework/system/Model.php(329): CodeIgniter\Database\BaseBuilder->insert()
#5 /var/www/html/education/vendor/codeigniter4/framework/system/BaseModel.php(782): CodeIgniter\Model->doInsert()
#6 /var/www/html/education/vendor/codeigniter4/framework/system/Model.php(729): CodeIgniter\BaseModel->insert()
#7 /var/www/html/education/vendor/codeigniter4/framework/system/BaseModel.php(692): CodeIgniter\Model->insert()
#8 /var/www/html/education/app/Database/Seeds/SpecialiteSeeder.php(20): CodeIgniter\BaseModel->save()
#9 /var/www/html/education/vendor/codeigniter4/framework/system/Database/Seeder.php(146): App\Database\Seeds\SpecialiteSeeder->run()
#10 /var/www/html/education/vendor/codeigniter4/framework/system/Commands/Database/Seed.php(77): CodeIgniter\Database\Seeder->call()
#11 /var/www/html/education/vendor/codeigniter4/framework/system/CLI/Commands.php(65): CodeIgniter\Commands\Database\Seed->run()
#12 /var/www/html/education/vendor/codeigniter4/framework/system/CLI/Console.php(37): CodeIgniter\CLI\Commands->run()
#13 /var/www/html/education/spark(97): CodeIgniter\CLI\Console->run()
#14 {main}
ERROR - 2023-01-18 13:51:49 --> mysqli_sql_exception: Cannot add or update a child row: a foreign key constraint fails (`education`.`enroulement`, CONSTRAINT `enroulement_id_specialite_foreign` FOREIGN KEY (`id_specialite`) REFERENCES `specialite` (`id_specialite`)) in /var/www/html/education/vendor/codeigniter4/framework/system/Database/MySQLi/Connection.php:295
Stack trace:
#0 /var/www/html/education/vendor/codeigniter4/framework/system/Database/MySQLi/Connection.php(295): mysqli->query()
#1 /var/www/html/education/vendor/codeigniter4/framework/system/Database/BaseConnection.php(691): CodeIgniter\Database\MySQLi\Connection->execute()
#2 /var/www/html/education/vendor/codeigniter4/framework/system/Database/BaseConnection.php(605): CodeIgniter\Database\BaseConnection->simpleQuery()
#3 /var/www/html/education/vendor/codeigniter4/framework/system/Database/BaseBuilder.php(2295): CodeIgniter\Database\BaseConnection->query()
#4 /var/www/html/education/vendor/codeigniter4/framework/system/Model.php(329): CodeIgniter\Database\BaseBuilder->insert()
#5 /var/www/html/education/vendor/codeigniter4/framework/system/BaseModel.php(782): CodeIgniter\Model->doInsert()
#6 /var/www/html/education/vendor/codeigniter4/framework/system/Model.php(729): CodeIgniter\BaseModel->insert()
#7 /var/www/html/education/vendor/codeigniter4/framework/system/BaseModel.php(692): CodeIgniter\Model->insert()
#8 /var/www/html/education/app/Database/Seeds/EnroulementSeeder.php(21): CodeIgniter\BaseModel->save()
#9 /var/www/html/education/vendor/codeigniter4/framework/system/Database/Seeder.php(146): App\Database\Seeds\EnroulementSeeder->run()
#10 /var/www/html/education/vendor/codeigniter4/framework/system/Commands/Database/Seed.php(77): CodeIgniter\Database\Seeder->call()
#11 /var/www/html/education/vendor/codeigniter4/framework/system/CLI/Commands.php(65): CodeIgniter\Commands\Database\Seed->run()
#12 /var/www/html/education/vendor/codeigniter4/framework/system/CLI/Console.php(37): CodeIgniter\CLI\Commands->run()
#13 /var/www/html/education/spark(97): CodeIgniter\CLI\Console->run()
#14 {main}
ERROR - 2023-01-18 13:58:18 --> mysqli_sql_exception: Cannot add or update a child row: a foreign key constraint fails (`education`.`enroulement`, CONSTRAINT `enroulement_id_specialite_foreign` FOREIGN KEY (`id_specialite`) REFERENCES `specialite` (`id_specialite`)) in /var/www/html/education/vendor/codeigniter4/framework/system/Database/MySQLi/Connection.php:295
Stack trace:
#0 /var/www/html/education/vendor/codeigniter4/framework/system/Database/MySQLi/Connection.php(295): mysqli->query()
#1 /var/www/html/education/vendor/codeigniter4/framework/system/Database/BaseConnection.php(691): CodeIgniter\Database\MySQLi\Connection->execute()
#2 /var/www/html/education/vendor/codeigniter4/framework/system/Database/BaseConnection.php(605): CodeIgniter\Database\BaseConnection->simpleQuery()
#3 /var/www/html/education/vendor/codeigniter4/framework/system/Database/BaseBuilder.php(2295): CodeIgniter\Database\BaseConnection->query()
#4 /var/www/html/education/vendor/codeigniter4/framework/system/Model.php(329): CodeIgniter\Database\BaseBuilder->insert()
#5 /var/www/html/education/vendor/codeigniter4/framework/system/BaseModel.php(782): CodeIgniter\Model->doInsert()
#6 /var/www/html/education/vendor/codeigniter4/framework/system/Model.php(729): CodeIgniter\BaseModel->insert()
#7 /var/www/html/education/vendor/codeigniter4/framework/system/BaseModel.php(692): CodeIgniter\Model->insert()
#8 /var/www/html/education/app/Database/Seeds/EnroulementSeeder.php(21): CodeIgniter\BaseModel->save()
#9 /var/www/html/education/vendor/codeigniter4/framework/system/Database/Seeder.php(146): App\Database\Seeds\EnroulementSeeder->run()
#10 /var/www/html/education/vendor/codeigniter4/framework/system/Commands/Database/Seed.php(77): CodeIgniter\Database\Seeder->call()
#11 /var/www/html/education/vendor/codeigniter4/framework/system/CLI/Commands.php(65): CodeIgniter\Commands\Database\Seed->run()
#12 /var/www/html/education/vendor/codeigniter4/framework/system/CLI/Console.php(37): CodeIgniter\CLI\Commands->run()
#13 /var/www/html/education/spark(97): CodeIgniter\CLI\Console->run()
#14 {main}
ERROR - 2023-01-18 14:01:16 --> mysqli_sql_exception: Cannot add or update a child row: a foreign key constraint fails (`education`.`enroulement`, CONSTRAINT `enroulement_id_specialite_foreign` FOREIGN KEY (`id_specialite`) REFERENCES `specialite` (`id_specialite`)) in /var/www/html/education/vendor/codeigniter4/framework/system/Database/MySQLi/Connection.php:295
Stack trace:
#0 /var/www/html/education/vendor/codeigniter4/framework/system/Database/MySQLi/Connection.php(295): mysqli->query()
#1 /var/www/html/education/vendor/codeigniter4/framework/system/Database/BaseConnection.php(691): CodeIgniter\Database\MySQLi\Connection->execute()
#2 /var/www/html/education/vendor/codeigniter4/framework/system/Database/BaseConnection.php(605): CodeIgniter\Database\BaseConnection->simpleQuery()
#3 /var/www/html/education/vendor/codeigniter4/framework/system/Database/BaseBuilder.php(2295): CodeIgniter\Database\BaseConnection->query()
#4 /var/www/html/education/vendor/codeigniter4/framework/system/Model.php(329): CodeIgniter\Database\BaseBuilder->insert()
#5 /var/www/html/education/vendor/codeigniter4/framework/system/BaseModel.php(782): CodeIgniter\Model->doInsert()
#6 /var/www/html/education/vendor/codeigniter4/framework/system/Model.php(729): CodeIgniter\BaseModel->insert()
#7 /var/www/html/education/vendor/codeigniter4/framework/system/BaseModel.php(692): CodeIgniter\Model->insert()
#8 /var/www/html/education/app/Database/Seeds/EnroulementSeeder.php(21): CodeIgniter\BaseModel->save()
#9 /var/www/html/education/vendor/codeigniter4/framework/system/Database/Seeder.php(146): App\Database\Seeds\EnroulementSeeder->run()
#10 /var/www/html/education/vendor/codeigniter4/framework/system/Commands/Database/Seed.php(77): CodeIgniter\Database\Seeder->call()
#11 /var/www/html/education/vendor/codeigniter4/framework/system/CLI/Commands.php(65): CodeIgniter\Commands\Database\Seed->run()
#12 /var/www/html/education/vendor/codeigniter4/framework/system/CLI/Console.php(37): CodeIgniter\CLI\Commands->run()
#13 /var/www/html/education/spark(97): CodeIgniter\CLI\Console->run()
#14 {main}
ERROR - 2023-01-18 14:02:40 --> mysqli_sql_exception: Cannot add or update a child row: a foreign key constraint fails (`education`.`enroulement`, CONSTRAINT `enroulement_id_specialite_foreign` FOREIGN KEY (`id_specialite`) REFERENCES `specialite` (`id_specialite`)) in /var/www/html/education/vendor/codeigniter4/framework/system/Database/MySQLi/Connection.php:295
Stack trace:
#0 /var/www/html/education/vendor/codeigniter4/framework/system/Database/MySQLi/Connection.php(295): mysqli->query()
#1 /var/www/html/education/vendor/codeigniter4/framework/system/Database/BaseConnection.php(691): CodeIgniter\Database\MySQLi\Connection->execute()
#2 /var/www/html/education/vendor/codeigniter4/framework/system/Database/BaseConnection.php(605): CodeIgniter\Database\BaseConnection->simpleQuery()
#3 /var/www/html/education/vendor/codeigniter4/framework/system/Database/BaseBuilder.php(2295): CodeIgniter\Database\BaseConnection->query()
#4 /var/www/html/education/vendor/codeigniter4/framework/system/Model.php(329): CodeIgniter\Database\BaseBuilder->insert()
#5 /var/www/html/education/vendor/codeigniter4/framework/system/BaseModel.php(782): CodeIgniter\Model->doInsert()
#6 /var/www/html/education/vendor/codeigniter4/framework/system/Model.php(729): CodeIgniter\BaseModel->insert()
#7 /var/www/html/education/vendor/codeigniter4/framework/system/BaseModel.php(692): CodeIgniter\Model->insert()
#8 /var/www/html/education/app/Database/Seeds/EnroulementSeeder.php(21): CodeIgniter\BaseModel->save()
#9 /var/www/html/education/vendor/codeigniter4/framework/system/Database/Seeder.php(146): App\Database\Seeds\EnroulementSeeder->run()
#10 /var/www/html/education/vendor/codeigniter4/framework/system/Commands/Database/Seed.php(77): CodeIgniter\Database\Seeder->call()
#11 /var/www/html/education/vendor/codeigniter4/framework/system/CLI/Commands.php(65): CodeIgniter\Commands\Database\Seed->run()
#12 /var/www/html/education/vendor/codeigniter4/framework/system/CLI/Console.php(37): CodeIgniter\CLI\Commands->run()
#13 /var/www/html/education/spark(97): CodeIgniter\CLI\Console->run()
#14 {main}
CRITICAL - 2023-01-18 15:15:51 --> Undefined constant "App\Controllers\id"
in APPPATH/Controllers/NiveauController.php on line 27.
 1 SYSTEMPATH/CodeIgniter.php(934): App\Controllers\NiveauController->show()
 2 SYSTEMPATH/CodeIgniter.php(499): CodeIgniter\CodeIgniter->runController()
 3 SYSTEMPATH/CodeIgniter.php(368): CodeIgniter\CodeIgniter->handleRequest()
 4 FCPATH/index.php(67): CodeIgniter\CodeIgniter->run()
 5 SYSTEMPATH/Commands/Server/rewrite.php(47): require_once('FCPATH/index.php')
CRITICAL - 2023-01-18 15:15:59 --> Undefined constant "App\Controllers\id"
in APPPATH/Controllers/NiveauController.php on line 27.
 1 SYSTEMPATH/CodeIgniter.php(934): App\Controllers\NiveauController->show()
 2 SYSTEMPATH/CodeIgniter.php(499): CodeIgniter\CodeIgniter->runController()
 3 SYSTEMPATH/CodeIgniter.php(368): CodeIgniter\CodeIgniter->handleRequest()
 4 FCPATH/index.php(67): CodeIgniter\CodeIgniter->run()
 5 SYSTEMPATH/Commands/Server/rewrite.php(47): require_once('FCPATH/index.php')
CRITICAL - 2023-01-18 15:48:53 --> Class "Config\service" not found
in APPPATH/Controllers/NiveauController.php on line 15.
 1 SYSTEMPATH/CodeIgniter.php(906): App\Controllers\NiveauController->__construct()
 2 SYSTEMPATH/CodeIgniter.php(490): CodeIgniter\CodeIgniter->createController()
 3 SYSTEMPATH/CodeIgniter.php(368): CodeIgniter\CodeIgniter->handleRequest()
 4 FCPATH/index.php(67): CodeIgniter\CodeIgniter->run()
 5 SYSTEMPATH/Commands/Server/rewrite.php(47): require_once('FCPATH/index.php')
CRITICAL - 2023-01-18 15:49:33 --> Class "Config\service" not found
in APPPATH/Controllers/NiveauController.php on line 15.
 1 SYSTEMPATH/CodeIgniter.php(906): App\Controllers\NiveauController->__construct()
 2 SYSTEMPATH/CodeIgniter.php(490): CodeIgniter\CodeIgniter->createController()
 3 SYSTEMPATH/CodeIgniter.php(368): CodeIgniter\CodeIgniter->handleRequest()
 4 FCPATH/index.php(67): CodeIgniter\CodeIgniter->run()
 5 SYSTEMPATH/Commands/Server/rewrite.php(47): require_once('FCPATH/index.php')
CRITICAL - 2023-01-18 15:50:01 --> Class "Config\service" not found
in APPPATH/Controllers/NiveauController.php on line 15.
 1 SYSTEMPATH/CodeIgniter.php(906): App\Controllers\NiveauController->__construct()
 2 SYSTEMPATH/CodeIgniter.php(490): CodeIgniter\CodeIgniter->createController()
 3 SYSTEMPATH/CodeIgniter.php(368): CodeIgniter\CodeIgniter->handleRequest()
 4 FCPATH/index.php(67): CodeIgniter\CodeIgniter->run()
 5 SYSTEMPATH/Commands/Server/rewrite.php(47): require_once('FCPATH/index.php')
CRITICAL - 2023-01-18 15:50:22 --> Class "Config\service" not found
in APPPATH/Controllers/NiveauController.php on line 15.
 1 SYSTEMPATH/CodeIgniter.php(906): App\Controllers\NiveauController->__construct()
 2 SYSTEMPATH/CodeIgniter.php(490): CodeIgniter\CodeIgniter->createController()
 3 SYSTEMPATH/CodeIgniter.php(368): CodeIgniter\CodeIgniter->handleRequest()
 4 FCPATH/index.php(67): CodeIgniter\CodeIgniter->run()
 5 SYSTEMPATH/Commands/Server/rewrite.php(47): require_once('FCPATH/index.php')
CRITICAL - 2023-01-18 15:51:27 --> Access level to App\Controllers\NiveauController::$validator must be protected (as in class CodeIgniter\Controller) or weaker
in APPPATH/Controllers/NiveauController.php on line 7.
 1 [internal function]: CodeIgniter\Debug\Exceptions->shutdownHandler()
CRITICAL - 2023-01-18 15:52:02 --> Access level to App\Controllers\NiveauController::$validator must be protected (as in class CodeIgniter\Controller) or weaker
in APPPATH/Controllers/NiveauController.php on line 7.
 1 [internal function]: CodeIgniter\Debug\Exceptions->shutdownHandler()
CRITICAL - 2023-01-18 15:52:46 --> Access level to App\Controllers\NiveauController::$validator must be protected (as in class CodeIgniter\Controller) or weaker
in APPPATH/Controllers/NiveauController.php on line 7.
 1 [internal function]: CodeIgniter\Debug\Exceptions->shutdownHandler()
CRITICAL - 2023-01-18 15:52:53 --> Access level to App\Controllers\NiveauController::$validator must be protected (as in class CodeIgniter\Controller) or weaker
in APPPATH/Controllers/NiveauController.php on line 7.
 1 [internal function]: CodeIgniter\Debug\Exceptions->shutdownHandler()
CRITICAL - 2023-01-18 15:54:11 --> Access level to App\Controllers\NiveauController::$validator must be protected (as in class CodeIgniter\Controller) or weaker
in APPPATH/Controllers/NiveauController.php on line 7.
 1 [internal function]: CodeIgniter\Debug\Exceptions->shutdownHandler()
CRITICAL - 2023-01-18 15:54:59 --> Access level to App\Controllers\NiveauController::$validator must be protected (as in class CodeIgniter\Controller) or weaker
in APPPATH/Controllers/NiveauController.php on line 7.
 1 [internal function]: CodeIgniter\Debug\Exceptions->shutdownHandler()
