ERROR - 2023-01-23 09:05:15 --> mysqli_sql_exception: Cannot add or update a child row: a foreign key constraint fails (`education`.`specialite`, CONSTRAINT `specialite_id_departement_foreign` FOREIGN KEY (`id_departement`) REFERENCES `departement` (`id_departement`)) in /var/www/html/education/vendor/codeigniter4/framework/system/Database/MySQLi/Connection.php:295
Stack trace:
#0 /var/www/html/education/vendor/codeigniter4/framework/system/Database/MySQLi/Connection.php(295): mysqli->query()
#1 /var/www/html/education/vendor/codeigniter4/framework/system/Database/BaseConnection.php(691): CodeIgniter\Database\MySQLi\Connection->execute()
#2 /var/www/html/education/vendor/codeigniter4/framework/system/Database/BaseConnection.php(605): CodeIgniter\Database\BaseConnection->simpleQuery()
#3 /var/www/html/education/vendor/codeigniter4/framework/system/Database/BaseBuilder.php(2295): CodeIgniter\Database\BaseConnection->query()
#4 /var/www/html/education/vendor/codeigniter4/framework/system/Model.php(329): CodeIgniter\Database\BaseBuilder->insert()
#5 /var/www/html/education/vendor/codeigniter4/framework/system/BaseModel.php(782): CodeIgniter\Model->doInsert()
#6 /var/www/html/education/vendor/codeigniter4/framework/system/Model.php(729): CodeIgniter\BaseModel->insert()
#7 /var/www/html/education/app/Controllers/SpecialiteController.php(68): CodeIgniter\Model->insert()
#8 /var/www/html/education/vendor/codeigniter4/framework/system/CodeIgniter.php(934): App\Controllers\SpecialiteController->create()
#9 /var/www/html/education/vendor/codeigniter4/framework/system/CodeIgniter.php(499): CodeIgniter\CodeIgniter->runController()
#10 /var/www/html/education/vendor/codeigniter4/framework/system/CodeIgniter.php(368): CodeIgniter\CodeIgniter->handleRequest()
#11 /var/www/html/education/public/index.php(67): CodeIgniter\CodeIgniter->run()
#12 /var/www/html/education/vendor/codeigniter4/framework/system/Commands/Server/rewrite.php(47): require_once('...')
#13 {main}
CRITICAL - 2023-01-23 09:05:15 --> Cannot add or update a child row: a foreign key constraint fails (`education`.`specialite`, CONSTRAINT `specialite_id_departement_foreign` FOREIGN KEY (`id_departement`) REFERENCES `departement` (`id_departement`))
in SYSTEMPATH/Database/BaseConnection.php on line 645.
 1 SYSTEMPATH/Database/BaseBuilder.php(2295): CodeIgniter\Database\BaseConnection->query()
 2 SYSTEMPATH/Model.php(329): CodeIgniter\Database\BaseBuilder->insert()
 3 SYSTEMPATH/BaseModel.php(782): CodeIgniter\Model->doInsert()
 4 SYSTEMPATH/Model.php(729): CodeIgniter\BaseModel->insert()
 5 APPPATH/Controllers/SpecialiteController.php(68): CodeIgniter\Model->insert()
 6 SYSTEMPATH/CodeIgniter.php(934): App\Controllers\SpecialiteController->create()
 7 SYSTEMPATH/CodeIgniter.php(499): CodeIgniter\CodeIgniter->runController()
 8 SYSTEMPATH/CodeIgniter.php(368): CodeIgniter\CodeIgniter->handleRequest()
 9 FCPATH/index.php(67): CodeIgniter\CodeIgniter->run()
10 SYSTEMPATH/Commands/Server/rewrite.php(47): require_once('FCPATH/index.php')
ERROR - 2023-01-23 09:08:04 --> mysqli_sql_exception: Cannot add or update a child row: a foreign key constraint fails (`education`.`specialite`, CONSTRAINT `specialite_id_departement_foreign` FOREIGN KEY (`id_departement`) REFERENCES `departement` (`id_departement`)) in /var/www/html/education/vendor/codeigniter4/framework/system/Database/MySQLi/Connection.php:295
Stack trace:
#0 /var/www/html/education/vendor/codeigniter4/framework/system/Database/MySQLi/Connection.php(295): mysqli->query()
#1 /var/www/html/education/vendor/codeigniter4/framework/system/Database/BaseConnection.php(691): CodeIgniter\Database\MySQLi\Connection->execute()
#2 /var/www/html/education/vendor/codeigniter4/framework/system/Database/BaseConnection.php(605): CodeIgniter\Database\BaseConnection->simpleQuery()
#3 /var/www/html/education/vendor/codeigniter4/framework/system/Database/BaseBuilder.php(2295): CodeIgniter\Database\BaseConnection->query()
#4 /var/www/html/education/vendor/codeigniter4/framework/system/Model.php(329): CodeIgniter\Database\BaseBuilder->insert()
#5 /var/www/html/education/vendor/codeigniter4/framework/system/BaseModel.php(782): CodeIgniter\Model->doInsert()
#6 /var/www/html/education/vendor/codeigniter4/framework/system/Model.php(729): CodeIgniter\BaseModel->insert()
#7 /var/www/html/education/app/Controllers/SpecialiteController.php(68): CodeIgniter\Model->insert()
#8 /var/www/html/education/vendor/codeigniter4/framework/system/CodeIgniter.php(934): App\Controllers\SpecialiteController->create()
#9 /var/www/html/education/vendor/codeigniter4/framework/system/CodeIgniter.php(499): CodeIgniter\CodeIgniter->runController()
#10 /var/www/html/education/vendor/codeigniter4/framework/system/CodeIgniter.php(368): CodeIgniter\CodeIgniter->handleRequest()
#11 /var/www/html/education/public/index.php(67): CodeIgniter\CodeIgniter->run()
#12 /var/www/html/education/vendor/codeigniter4/framework/system/Commands/Server/rewrite.php(47): require_once('...')
#13 {main}
CRITICAL - 2023-01-23 09:08:04 --> Cannot add or update a child row: a foreign key constraint fails (`education`.`specialite`, CONSTRAINT `specialite_id_departement_foreign` FOREIGN KEY (`id_departement`) REFERENCES `departement` (`id_departement`))
in SYSTEMPATH/Database/BaseConnection.php on line 645.
 1 SYSTEMPATH/Database/BaseBuilder.php(2295): CodeIgniter\Database\BaseConnection->query()
 2 SYSTEMPATH/Model.php(329): CodeIgniter\Database\BaseBuilder->insert()
 3 SYSTEMPATH/BaseModel.php(782): CodeIgniter\Model->doInsert()
 4 SYSTEMPATH/Model.php(729): CodeIgniter\BaseModel->insert()
 5 APPPATH/Controllers/SpecialiteController.php(68): CodeIgniter\Model->insert()
 6 SYSTEMPATH/CodeIgniter.php(934): App\Controllers\SpecialiteController->create()
 7 SYSTEMPATH/CodeIgniter.php(499): CodeIgniter\CodeIgniter->runController()
 8 SYSTEMPATH/CodeIgniter.php(368): CodeIgniter\CodeIgniter->handleRequest()
 9 FCPATH/index.php(67): CodeIgniter\CodeIgniter->run()
10 SYSTEMPATH/Commands/Server/rewrite.php(47): require_once('FCPATH/index.php')
ERROR - 2023-01-23 12:54:16 --> mysqli_sql_exception: Unknown column 'nom_enroulement' in 'where clause' in /var/www/html/education/vendor/codeigniter4/framework/system/Database/MySQLi/Connection.php:295
Stack trace:
#0 /var/www/html/education/vendor/codeigniter4/framework/system/Database/MySQLi/Connection.php(295): mysqli->query()
#1 /var/www/html/education/vendor/codeigniter4/framework/system/Database/BaseConnection.php(691): CodeIgniter\Database\MySQLi\Connection->execute()
#2 /var/www/html/education/vendor/codeigniter4/framework/system/Database/BaseConnection.php(605): CodeIgniter\Database\BaseConnection->simpleQuery()
#3 /var/www/html/education/vendor/codeigniter4/framework/system/Database/BaseBuilder.php(1602): CodeIgniter\Database\BaseConnection->query()
#4 /var/www/html/education/vendor/codeigniter4/framework/system/Validation/StrictRules/Rules.php(206): CodeIgniter\Database\BaseBuilder->get()
#5 /var/www/html/education/vendor/codeigniter4/framework/system/Validation/Validation.php(312): CodeIgniter\Validation\StrictRules\Rules->is_unique()
#6 /var/www/html/education/vendor/codeigniter4/framework/system/Validation/Validation.php(170): CodeIgniter\Validation\Validation->processRules()
#7 /var/www/html/education/vendor/codeigniter4/framework/system/Controller.php(140): CodeIgniter\Validation\Validation->run()
#8 /var/www/html/education/app/Controllers/EnroulementController.php(104): CodeIgniter\Controller->validate()
#9 /var/www/html/education/vendor/codeigniter4/framework/system/CodeIgniter.php(934): App\Controllers\EnroulementController->modifierEnroulement()
#10 /var/www/html/education/vendor/codeigniter4/framework/system/CodeIgniter.php(499): CodeIgniter\CodeIgniter->runController()
#11 /var/www/html/education/vendor/codeigniter4/framework/system/CodeIgniter.php(368): CodeIgniter\CodeIgniter->handleRequest()
#12 /var/www/html/education/public/index.php(67): CodeIgniter\CodeIgniter->run()
#13 /var/www/html/education/vendor/codeigniter4/framework/system/Commands/Server/rewrite.php(47): require_once('...')
#14 {main}
CRITICAL - 2023-01-23 12:54:16 --> Unknown column 'nom_enroulement' in 'where clause'
in SYSTEMPATH/Database/BaseConnection.php on line 645.
 1 SYSTEMPATH/Database/BaseBuilder.php(1602): CodeIgniter\Database\BaseConnection->query()
 2 SYSTEMPATH/Validation/StrictRules/Rules.php(206): CodeIgniter\Database\BaseBuilder->get()
 3 SYSTEMPATH/Validation/Validation.php(312): CodeIgniter\Validation\StrictRules\Rules->is_unique()
 4 SYSTEMPATH/Validation/Validation.php(170): CodeIgniter\Validation\Validation->processRules()
 5 SYSTEMPATH/Controller.php(140): CodeIgniter\Validation\Validation->run()
 6 APPPATH/Controllers/EnroulementController.php(104): CodeIgniter\Controller->validate()
 7 SYSTEMPATH/CodeIgniter.php(934): App\Controllers\EnroulementController->modifierEnroulement()
 8 SYSTEMPATH/CodeIgniter.php(499): CodeIgniter\CodeIgniter->runController()
 9 SYSTEMPATH/CodeIgniter.php(368): CodeIgniter\CodeIgniter->handleRequest()
10 FCPATH/index.php(67): CodeIgniter\CodeIgniter->run()
11 SYSTEMPATH/Commands/Server/rewrite.php(47): require_once('FCPATH/index.php')
ERROR - 2023-01-23 13:00:58 --> mysqli_sql_exception: Unknown column 'nom_enroulement' in 'where clause' in /var/www/html/education/vendor/codeigniter4/framework/system/Database/MySQLi/Connection.php:295
Stack trace:
#0 /var/www/html/education/vendor/codeigniter4/framework/system/Database/MySQLi/Connection.php(295): mysqli->query()
#1 /var/www/html/education/vendor/codeigniter4/framework/system/Database/BaseConnection.php(691): CodeIgniter\Database\MySQLi\Connection->execute()
#2 /var/www/html/education/vendor/codeigniter4/framework/system/Database/BaseConnection.php(605): CodeIgniter\Database\BaseConnection->simpleQuery()
#3 /var/www/html/education/vendor/codeigniter4/framework/system/Database/BaseBuilder.php(1602): CodeIgniter\Database\BaseConnection->query()
#4 /var/www/html/education/vendor/codeigniter4/framework/system/Validation/StrictRules/Rules.php(206): CodeIgniter\Database\BaseBuilder->get()
#5 /var/www/html/education/vendor/codeigniter4/framework/system/Validation/Validation.php(312): CodeIgniter\Validation\StrictRules\Rules->is_unique()
#6 /var/www/html/education/vendor/codeigniter4/framework/system/Validation/Validation.php(170): CodeIgniter\Validation\Validation->processRules()
#7 /var/www/html/education/vendor/codeigniter4/framework/system/Controller.php(140): CodeIgniter\Validation\Validation->run()
#8 /var/www/html/education/app/Controllers/EnroulementController.php(104): CodeIgniter\Controller->validate()
#9 /var/www/html/education/vendor/codeigniter4/framework/system/CodeIgniter.php(934): App\Controllers\EnroulementController->modifierEnroulement()
#10 /var/www/html/education/vendor/codeigniter4/framework/system/CodeIgniter.php(499): CodeIgniter\CodeIgniter->runController()
#11 /var/www/html/education/vendor/codeigniter4/framework/system/CodeIgniter.php(368): CodeIgniter\CodeIgniter->handleRequest()
#12 /var/www/html/education/public/index.php(67): CodeIgniter\CodeIgniter->run()
#13 /var/www/html/education/vendor/codeigniter4/framework/system/Commands/Server/rewrite.php(47): require_once('...')
#14 {main}
CRITICAL - 2023-01-23 13:00:58 --> Unknown column 'nom_enroulement' in 'where clause'
in SYSTEMPATH/Database/BaseConnection.php on line 645.
 1 SYSTEMPATH/Database/BaseBuilder.php(1602): CodeIgniter\Database\BaseConnection->query()
 2 SYSTEMPATH/Validation/StrictRules/Rules.php(206): CodeIgniter\Database\BaseBuilder->get()
 3 SYSTEMPATH/Validation/Validation.php(312): CodeIgniter\Validation\StrictRules\Rules->is_unique()
 4 SYSTEMPATH/Validation/Validation.php(170): CodeIgniter\Validation\Validation->processRules()
 5 SYSTEMPATH/Controller.php(140): CodeIgniter\Validation\Validation->run()
 6 APPPATH/Controllers/EnroulementController.php(104): CodeIgniter\Controller->validate()
 7 SYSTEMPATH/CodeIgniter.php(934): App\Controllers\EnroulementController->modifierEnroulement()
 8 SYSTEMPATH/CodeIgniter.php(499): CodeIgniter\CodeIgniter->runController()
 9 SYSTEMPATH/CodeIgniter.php(368): CodeIgniter\CodeIgniter->handleRequest()
10 FCPATH/index.php(67): CodeIgniter\CodeIgniter->run()
11 SYSTEMPATH/Commands/Server/rewrite.php(47): require_once('FCPATH/index.php')
ERROR - 2023-01-23 13:02:13 --> mysqli_sql_exception: Unknown column 'nom_enroulement' in 'where clause' in /var/www/html/education/vendor/codeigniter4/framework/system/Database/MySQLi/Connection.php:295
Stack trace:
#0 /var/www/html/education/vendor/codeigniter4/framework/system/Database/MySQLi/Connection.php(295): mysqli->query()
#1 /var/www/html/education/vendor/codeigniter4/framework/system/Database/BaseConnection.php(691): CodeIgniter\Database\MySQLi\Connection->execute()
#2 /var/www/html/education/vendor/codeigniter4/framework/system/Database/BaseConnection.php(605): CodeIgniter\Database\BaseConnection->simpleQuery()
#3 /var/www/html/education/vendor/codeigniter4/framework/system/Database/BaseBuilder.php(1602): CodeIgniter\Database\BaseConnection->query()
#4 /var/www/html/education/vendor/codeigniter4/framework/system/Validation/StrictRules/Rules.php(206): CodeIgniter\Database\BaseBuilder->get()
#5 /var/www/html/education/vendor/codeigniter4/framework/system/Validation/Validation.php(312): CodeIgniter\Validation\StrictRules\Rules->is_unique()
#6 /var/www/html/education/vendor/codeigniter4/framework/system/Validation/Validation.php(170): CodeIgniter\Validation\Validation->processRules()
#7 /var/www/html/education/vendor/codeigniter4/framework/system/Controller.php(140): CodeIgniter\Validation\Validation->run()
#8 /var/www/html/education/app/Controllers/EnroulementController.php(104): CodeIgniter\Controller->validate()
#9 /var/www/html/education/vendor/codeigniter4/framework/system/CodeIgniter.php(934): App\Controllers\EnroulementController->modifierEnroulement()
#10 /var/www/html/education/vendor/codeigniter4/framework/system/CodeIgniter.php(499): CodeIgniter\CodeIgniter->runController()
#11 /var/www/html/education/vendor/codeigniter4/framework/system/CodeIgniter.php(368): CodeIgniter\CodeIgniter->handleRequest()
#12 /var/www/html/education/public/index.php(67): CodeIgniter\CodeIgniter->run()
#13 /var/www/html/education/vendor/codeigniter4/framework/system/Commands/Server/rewrite.php(47): require_once('...')
#14 {main}
CRITICAL - 2023-01-23 13:02:13 --> Unknown column 'nom_enroulement' in 'where clause'
in SYSTEMPATH/Database/BaseConnection.php on line 645.
 1 SYSTEMPATH/Database/BaseBuilder.php(1602): CodeIgniter\Database\BaseConnection->query()
 2 SYSTEMPATH/Validation/StrictRules/Rules.php(206): CodeIgniter\Database\BaseBuilder->get()
 3 SYSTEMPATH/Validation/Validation.php(312): CodeIgniter\Validation\StrictRules\Rules->is_unique()
 4 SYSTEMPATH/Validation/Validation.php(170): CodeIgniter\Validation\Validation->processRules()
 5 SYSTEMPATH/Controller.php(140): CodeIgniter\Validation\Validation->run()
 6 APPPATH/Controllers/EnroulementController.php(104): CodeIgniter\Controller->validate()
 7 SYSTEMPATH/CodeIgniter.php(934): App\Controllers\EnroulementController->modifierEnroulement()
 8 SYSTEMPATH/CodeIgniter.php(499): CodeIgniter\CodeIgniter->runController()
 9 SYSTEMPATH/CodeIgniter.php(368): CodeIgniter\CodeIgniter->handleRequest()
10 FCPATH/index.php(67): CodeIgniter\CodeIgniter->run()
11 SYSTEMPATH/Commands/Server/rewrite.php(47): require_once('FCPATH/index.php')
ERROR - 2023-01-23 13:02:45 --> mysqli_sql_exception: Unknown column 'nom_enroulement' in 'where clause' in /var/www/html/education/vendor/codeigniter4/framework/system/Database/MySQLi/Connection.php:295
Stack trace:
#0 /var/www/html/education/vendor/codeigniter4/framework/system/Database/MySQLi/Connection.php(295): mysqli->query()
#1 /var/www/html/education/vendor/codeigniter4/framework/system/Database/BaseConnection.php(691): CodeIgniter\Database\MySQLi\Connection->execute()
#2 /var/www/html/education/vendor/codeigniter4/framework/system/Database/BaseConnection.php(605): CodeIgniter\Database\BaseConnection->simpleQuery()
#3 /var/www/html/education/vendor/codeigniter4/framework/system/Database/BaseBuilder.php(1602): CodeIgniter\Database\BaseConnection->query()
#4 /var/www/html/education/vendor/codeigniter4/framework/system/Validation/StrictRules/Rules.php(206): CodeIgniter\Database\BaseBuilder->get()
#5 /var/www/html/education/vendor/codeigniter4/framework/system/Validation/Validation.php(312): CodeIgniter\Validation\StrictRules\Rules->is_unique()
#6 /var/www/html/education/vendor/codeigniter4/framework/system/Validation/Validation.php(170): CodeIgniter\Validation\Validation->processRules()
#7 /var/www/html/education/vendor/codeigniter4/framework/system/Controller.php(140): CodeIgniter\Validation\Validation->run()
#8 /var/www/html/education/app/Controllers/EnroulementController.php(104): CodeIgniter\Controller->validate()
#9 /var/www/html/education/vendor/codeigniter4/framework/system/CodeIgniter.php(934): App\Controllers\EnroulementController->modifierEnroulement()
#10 /var/www/html/education/vendor/codeigniter4/framework/system/CodeIgniter.php(499): CodeIgniter\CodeIgniter->runController()
#11 /var/www/html/education/vendor/codeigniter4/framework/system/CodeIgniter.php(368): CodeIgniter\CodeIgniter->handleRequest()
#12 /var/www/html/education/public/index.php(67): CodeIgniter\CodeIgniter->run()
#13 /var/www/html/education/vendor/codeigniter4/framework/system/Commands/Server/rewrite.php(47): require_once('...')
#14 {main}
CRITICAL - 2023-01-23 13:02:45 --> Unknown column 'nom_enroulement' in 'where clause'
in SYSTEMPATH/Database/BaseConnection.php on line 645.
 1 SYSTEMPATH/Database/BaseBuilder.php(1602): CodeIgniter\Database\BaseConnection->query()
 2 SYSTEMPATH/Validation/StrictRules/Rules.php(206): CodeIgniter\Database\BaseBuilder->get()
 3 SYSTEMPATH/Validation/Validation.php(312): CodeIgniter\Validation\StrictRules\Rules->is_unique()
 4 SYSTEMPATH/Validation/Validation.php(170): CodeIgniter\Validation\Validation->processRules()
 5 SYSTEMPATH/Controller.php(140): CodeIgniter\Validation\Validation->run()
 6 APPPATH/Controllers/EnroulementController.php(104): CodeIgniter\Controller->validate()
 7 SYSTEMPATH/CodeIgniter.php(934): App\Controllers\EnroulementController->modifierEnroulement()
 8 SYSTEMPATH/CodeIgniter.php(499): CodeIgniter\CodeIgniter->runController()
 9 SYSTEMPATH/CodeIgniter.php(368): CodeIgniter\CodeIgniter->handleRequest()
10 FCPATH/index.php(67): CodeIgniter\CodeIgniter->run()
11 SYSTEMPATH/Commands/Server/rewrite.php(47): require_once('FCPATH/index.php')
ERROR - 2023-01-23 13:02:47 --> mysqli_sql_exception: Unknown column 'nom_enroulement' in 'where clause' in /var/www/html/education/vendor/codeigniter4/framework/system/Database/MySQLi/Connection.php:295
Stack trace:
#0 /var/www/html/education/vendor/codeigniter4/framework/system/Database/MySQLi/Connection.php(295): mysqli->query()
#1 /var/www/html/education/vendor/codeigniter4/framework/system/Database/BaseConnection.php(691): CodeIgniter\Database\MySQLi\Connection->execute()
#2 /var/www/html/education/vendor/codeigniter4/framework/system/Database/BaseConnection.php(605): CodeIgniter\Database\BaseConnection->simpleQuery()
#3 /var/www/html/education/vendor/codeigniter4/framework/system/Database/BaseBuilder.php(1602): CodeIgniter\Database\BaseConnection->query()
#4 /var/www/html/education/vendor/codeigniter4/framework/system/Validation/StrictRules/Rules.php(206): CodeIgniter\Database\BaseBuilder->get()
#5 /var/www/html/education/vendor/codeigniter4/framework/system/Validation/Validation.php(312): CodeIgniter\Validation\StrictRules\Rules->is_unique()
#6 /var/www/html/education/vendor/codeigniter4/framework/system/Validation/Validation.php(170): CodeIgniter\Validation\Validation->processRules()
#7 /var/www/html/education/vendor/codeigniter4/framework/system/Controller.php(140): CodeIgniter\Validation\Validation->run()
#8 /var/www/html/education/app/Controllers/EnroulementController.php(104): CodeIgniter\Controller->validate()
#9 /var/www/html/education/vendor/codeigniter4/framework/system/CodeIgniter.php(934): App\Controllers\EnroulementController->modifierEnroulement()
#10 /var/www/html/education/vendor/codeigniter4/framework/system/CodeIgniter.php(499): CodeIgniter\CodeIgniter->runController()
#11 /var/www/html/education/vendor/codeigniter4/framework/system/CodeIgniter.php(368): CodeIgniter\CodeIgniter->handleRequest()
#12 /var/www/html/education/public/index.php(67): CodeIgniter\CodeIgniter->run()
#13 /var/www/html/education/vendor/codeigniter4/framework/system/Commands/Server/rewrite.php(47): require_once('...')
#14 {main}
CRITICAL - 2023-01-23 13:02:47 --> Unknown column 'nom_enroulement' in 'where clause'
in SYSTEMPATH/Database/BaseConnection.php on line 645.
 1 SYSTEMPATH/Database/BaseBuilder.php(1602): CodeIgniter\Database\BaseConnection->query()
 2 SYSTEMPATH/Validation/StrictRules/Rules.php(206): CodeIgniter\Database\BaseBuilder->get()
 3 SYSTEMPATH/Validation/Validation.php(312): CodeIgniter\Validation\StrictRules\Rules->is_unique()
 4 SYSTEMPATH/Validation/Validation.php(170): CodeIgniter\Validation\Validation->processRules()
 5 SYSTEMPATH/Controller.php(140): CodeIgniter\Validation\Validation->run()
 6 APPPATH/Controllers/EnroulementController.php(104): CodeIgniter\Controller->validate()
 7 SYSTEMPATH/CodeIgniter.php(934): App\Controllers\EnroulementController->modifierEnroulement()
 8 SYSTEMPATH/CodeIgniter.php(499): CodeIgniter\CodeIgniter->runController()
 9 SYSTEMPATH/CodeIgniter.php(368): CodeIgniter\CodeIgniter->handleRequest()
10 FCPATH/index.php(67): CodeIgniter\CodeIgniter->run()
11 SYSTEMPATH/Commands/Server/rewrite.php(47): require_once('FCPATH/index.php')
ERROR - 2023-01-23 13:02:48 --> mysqli_sql_exception: Unknown column 'nom_enroulement' in 'where clause' in /var/www/html/education/vendor/codeigniter4/framework/system/Database/MySQLi/Connection.php:295
Stack trace:
#0 /var/www/html/education/vendor/codeigniter4/framework/system/Database/MySQLi/Connection.php(295): mysqli->query()
#1 /var/www/html/education/vendor/codeigniter4/framework/system/Database/BaseConnection.php(691): CodeIgniter\Database\MySQLi\Connection->execute()
#2 /var/www/html/education/vendor/codeigniter4/framework/system/Database/BaseConnection.php(605): CodeIgniter\Database\BaseConnection->simpleQuery()
#3 /var/www/html/education/vendor/codeigniter4/framework/system/Database/BaseBuilder.php(1602): CodeIgniter\Database\BaseConnection->query()
#4 /var/www/html/education/vendor/codeigniter4/framework/system/Validation/StrictRules/Rules.php(206): CodeIgniter\Database\BaseBuilder->get()
#5 /var/www/html/education/vendor/codeigniter4/framework/system/Validation/Validation.php(312): CodeIgniter\Validation\StrictRules\Rules->is_unique()
#6 /var/www/html/education/vendor/codeigniter4/framework/system/Validation/Validation.php(170): CodeIgniter\Validation\Validation->processRules()
#7 /var/www/html/education/vendor/codeigniter4/framework/system/Controller.php(140): CodeIgniter\Validation\Validation->run()
#8 /var/www/html/education/app/Controllers/EnroulementController.php(104): CodeIgniter\Controller->validate()
#9 /var/www/html/education/vendor/codeigniter4/framework/system/CodeIgniter.php(934): App\Controllers\EnroulementController->modifierEnroulement()
#10 /var/www/html/education/vendor/codeigniter4/framework/system/CodeIgniter.php(499): CodeIgniter\CodeIgniter->runController()
#11 /var/www/html/education/vendor/codeigniter4/framework/system/CodeIgniter.php(368): CodeIgniter\CodeIgniter->handleRequest()
#12 /var/www/html/education/public/index.php(67): CodeIgniter\CodeIgniter->run()
#13 /var/www/html/education/vendor/codeigniter4/framework/system/Commands/Server/rewrite.php(47): require_once('...')
#14 {main}
CRITICAL - 2023-01-23 13:02:48 --> Unknown column 'nom_enroulement' in 'where clause'
in SYSTEMPATH/Database/BaseConnection.php on line 645.
 1 SYSTEMPATH/Database/BaseBuilder.php(1602): CodeIgniter\Database\BaseConnection->query()
 2 SYSTEMPATH/Validation/StrictRules/Rules.php(206): CodeIgniter\Database\BaseBuilder->get()
 3 SYSTEMPATH/Validation/Validation.php(312): CodeIgniter\Validation\StrictRules\Rules->is_unique()
 4 SYSTEMPATH/Validation/Validation.php(170): CodeIgniter\Validation\Validation->processRules()
 5 SYSTEMPATH/Controller.php(140): CodeIgniter\Validation\Validation->run()
 6 APPPATH/Controllers/EnroulementController.php(104): CodeIgniter\Controller->validate()
 7 SYSTEMPATH/CodeIgniter.php(934): App\Controllers\EnroulementController->modifierEnroulement()
 8 SYSTEMPATH/CodeIgniter.php(499): CodeIgniter\CodeIgniter->runController()
 9 SYSTEMPATH/CodeIgniter.php(368): CodeIgniter\CodeIgniter->handleRequest()
10 FCPATH/index.php(67): CodeIgniter\CodeIgniter->run()
11 SYSTEMPATH/Commands/Server/rewrite.php(47): require_once('FCPATH/index.php')
ERROR - 2023-01-23 13:02:48 --> mysqli_sql_exception: Unknown column 'nom_enroulement' in 'where clause' in /var/www/html/education/vendor/codeigniter4/framework/system/Database/MySQLi/Connection.php:295
Stack trace:
#0 /var/www/html/education/vendor/codeigniter4/framework/system/Database/MySQLi/Connection.php(295): mysqli->query()
#1 /var/www/html/education/vendor/codeigniter4/framework/system/Database/BaseConnection.php(691): CodeIgniter\Database\MySQLi\Connection->execute()
#2 /var/www/html/education/vendor/codeigniter4/framework/system/Database/BaseConnection.php(605): CodeIgniter\Database\BaseConnection->simpleQuery()
#3 /var/www/html/education/vendor/codeigniter4/framework/system/Database/BaseBuilder.php(1602): CodeIgniter\Database\BaseConnection->query()
#4 /var/www/html/education/vendor/codeigniter4/framework/system/Validation/StrictRules/Rules.php(206): CodeIgniter\Database\BaseBuilder->get()
#5 /var/www/html/education/vendor/codeigniter4/framework/system/Validation/Validation.php(312): CodeIgniter\Validation\StrictRules\Rules->is_unique()
#6 /var/www/html/education/vendor/codeigniter4/framework/system/Validation/Validation.php(170): CodeIgniter\Validation\Validation->processRules()
#7 /var/www/html/education/vendor/codeigniter4/framework/system/Controller.php(140): CodeIgniter\Validation\Validation->run()
#8 /var/www/html/education/app/Controllers/EnroulementController.php(104): CodeIgniter\Controller->validate()
#9 /var/www/html/education/vendor/codeigniter4/framework/system/CodeIgniter.php(934): App\Controllers\EnroulementController->modifierEnroulement()
#10 /var/www/html/education/vendor/codeigniter4/framework/system/CodeIgniter.php(499): CodeIgniter\CodeIgniter->runController()
#11 /var/www/html/education/vendor/codeigniter4/framework/system/CodeIgniter.php(368): CodeIgniter\CodeIgniter->handleRequest()
#12 /var/www/html/education/public/index.php(67): CodeIgniter\CodeIgniter->run()
#13 /var/www/html/education/vendor/codeigniter4/framework/system/Commands/Server/rewrite.php(47): require_once('...')
#14 {main}
CRITICAL - 2023-01-23 13:02:48 --> Unknown column 'nom_enroulement' in 'where clause'
in SYSTEMPATH/Database/BaseConnection.php on line 645.
 1 SYSTEMPATH/Database/BaseBuilder.php(1602): CodeIgniter\Database\BaseConnection->query()
 2 SYSTEMPATH/Validation/StrictRules/Rules.php(206): CodeIgniter\Database\BaseBuilder->get()
 3 SYSTEMPATH/Validation/Validation.php(312): CodeIgniter\Validation\StrictRules\Rules->is_unique()
 4 SYSTEMPATH/Validation/Validation.php(170): CodeIgniter\Validation\Validation->processRules()
 5 SYSTEMPATH/Controller.php(140): CodeIgniter\Validation\Validation->run()
 6 APPPATH/Controllers/EnroulementController.php(104): CodeIgniter\Controller->validate()
 7 SYSTEMPATH/CodeIgniter.php(934): App\Controllers\EnroulementController->modifierEnroulement()
 8 SYSTEMPATH/CodeIgniter.php(499): CodeIgniter\CodeIgniter->runController()
 9 SYSTEMPATH/CodeIgniter.php(368): CodeIgniter\CodeIgniter->handleRequest()
10 FCPATH/index.php(67): CodeIgniter\CodeIgniter->run()
11 SYSTEMPATH/Commands/Server/rewrite.php(47): require_once('FCPATH/index.php')
