CRITICAL - 2023-01-19 00:07:55 --> Class "App\Models\Departepartement" not found
in APPPATH/Controllers/DepartepartementController.php on line 13.
 1 SYSTEMPATH/CodeIgniter.php(906): App\Controllers\DepartepartementController->__construct()
 2 SYSTEMPATH/CodeIgniter.php(490): CodeIgniter\CodeIgniter->createController()
 3 SYSTEMPATH/CodeIgniter.php(368): CodeIgniter\CodeIgniter->handleRequest()
 4 FCPATH/index.php(67): CodeIgniter\CodeIgniter->run()
 5 SYSTEMPATH/Commands/Server/rewrite.php(47): require_once('FCPATH/index.php')
CRITICAL - 2023-01-19 00:08:37 --> Class "App\Models\Departepartement" not found
in APPPATH/Controllers/DepartepartementController.php on line 13.
 1 SYSTEMPATH/CodeIgniter.php(906): App\Controllers\DepartepartementController->__construct()
 2 SYSTEMPATH/CodeIgniter.php(490): CodeIgniter\CodeIgniter->createController()
 3 SYSTEMPATH/CodeIgniter.php(368): CodeIgniter\CodeIgniter->handleRequest()
 4 FCPATH/index.php(67): CodeIgniter\CodeIgniter->run()
 5 SYSTEMPATH/Commands/Server/rewrite.php(47): require_once('FCPATH/index.php')
CRITICAL - 2023-01-19 00:10:46 --> Class "App\Models\Departepartement" not found
in APPPATH/Controllers/DepartepartementController.php on line 13.
 1 SYSTEMPATH/CodeIgniter.php(906): App\Controllers\DepartepartementController->__construct()
 2 SYSTEMPATH/CodeIgniter.php(490): CodeIgniter\CodeIgniter->createController()
 3 SYSTEMPATH/CodeIgniter.php(368): CodeIgniter\CodeIgniter->handleRequest()
 4 FCPATH/index.php(67): CodeIgniter\CodeIgniter->run()
 5 SYSTEMPATH/Commands/Server/rewrite.php(47): require_once('FCPATH/index.php')
CRITICAL - 2023-01-19 00:13:18 --> Class "App\Models\Departepartement" not found
in APPPATH/Controllers/DepartepartementController.php on line 13.
 1 SYSTEMPATH/CodeIgniter.php(906): App\Controllers\DepartepartementController->__construct()
 2 SYSTEMPATH/CodeIgniter.php(490): CodeIgniter\CodeIgniter->createController()
 3 SYSTEMPATH/CodeIgniter.php(368): CodeIgniter\CodeIgniter->handleRequest()
 4 FCPATH/index.php(67): CodeIgniter\CodeIgniter->run()
 5 SYSTEMPATH/Commands/Server/rewrite.php(47): require_once('FCPATH/index.php')
CRITICAL - 2023-01-19 00:13:24 --> Class "App\Models\Departepartement" not found
in APPPATH/Controllers/DepartepartementController.php on line 13.
 1 SYSTEMPATH/CodeIgniter.php(906): App\Controllers\DepartepartementController->__construct()
 2 SYSTEMPATH/CodeIgniter.php(490): CodeIgniter\CodeIgniter->createController()
 3 SYSTEMPATH/CodeIgniter.php(368): CodeIgniter\CodeIgniter->handleRequest()
 4 FCPATH/index.php(67): CodeIgniter\CodeIgniter->run()
 5 SYSTEMPATH/Commands/Server/rewrite.php(47): require_once('FCPATH/index.php')
CRITICAL - 2023-01-19 00:20:59 --> Class "App\Models\Departepartement" not found
in APPPATH/Controllers/DepartepartementController.php on line 13.
 1 SYSTEMPATH/CodeIgniter.php(906): App\Controllers\DepartepartementController->__construct()
 2 SYSTEMPATH/CodeIgniter.php(490): CodeIgniter\CodeIgniter->createController()
 3 SYSTEMPATH/CodeIgniter.php(368): CodeIgniter\CodeIgniter->handleRequest()
 4 FCPATH/index.php(67): CodeIgniter\CodeIgniter->run()
 5 SYSTEMPATH/Commands/Server/rewrite.php(47): require_once('FCPATH/index.php')
CRITICAL - 2023-01-19 00:26:24 --> Class "App\Models\Departepartement" not found
in APPPATH/Controllers/DepartepartementController.php on line 13.
 1 SYSTEMPATH/CodeIgniter.php(906): App\Controllers\DepartepartementController->__construct()
 2 SYSTEMPATH/CodeIgniter.php(490): CodeIgniter\CodeIgniter->createController()
 3 SYSTEMPATH/CodeIgniter.php(368): CodeIgniter\CodeIgniter->handleRequest()
 4 FCPATH/index.php(67): CodeIgniter\CodeIgniter->run()
 5 SYSTEMPATH/Commands/Server/rewrite.php(47): require_once('FCPATH/index.php')
CRITICAL - 2023-01-19 10:44:26 --> Undefined variable $response
in APPPATH/Controllers/NiveauController.php on line 93.
 1 APPPATH/Controllers/NiveauController.php(93): CodeIgniter\Debug\Exceptions->errorHandler()
 2 SYSTEMPATH/CodeIgniter.php(934): App\Controllers\NiveauController->delete()
 3 SYSTEMPATH/CodeIgniter.php(499): CodeIgniter\CodeIgniter->runController()
 4 SYSTEMPATH/CodeIgniter.php(368): CodeIgniter\CodeIgniter->handleRequest()
 5 FCPATH/index.php(67): CodeIgniter\CodeIgniter->run()
 6 SYSTEMPATH/Commands/Server/rewrite.php(47): require_once('FCPATH/index.php')
CRITICAL - 2023-01-19 11:19:04 --> Declaration of App\Controllers\NiveauController::update() must be compatible with CodeIgniter\RESTful\ResourceController::update($id = null)
in APPPATH/Controllers/NiveauController.php on line 81.
 1 [internal function]: CodeIgniter\Debug\Exceptions->shutdownHandler()
CRITICAL - 2023-01-19 11:19:38 --> Declaration of App\Controllers\NiveauController::update() must be compatible with CodeIgniter\RESTful\ResourceController::update($id = null)
in APPPATH/Controllers/NiveauController.php on line 81.
 1 [internal function]: CodeIgniter\Debug\Exceptions->shutdownHandler()
CRITICAL - 2023-01-19 11:50:40 --> Class "CodeIgniter\Specialite" not found
in APPPATH/Controllers/SpecialiteController.php on line 17.
 1 SYSTEMPATH/CodeIgniter.php(906): App\Controllers\SpecialiteController->__construct()
 2 SYSTEMPATH/CodeIgniter.php(490): CodeIgniter\CodeIgniter->createController()
 3 SYSTEMPATH/CodeIgniter.php(368): CodeIgniter\CodeIgniter->handleRequest()
 4 FCPATH/index.php(67): CodeIgniter\CodeIgniter->run()
 5 SYSTEMPATH/Commands/Server/rewrite.php(47): require_once('FCPATH/index.php')
CRITICAL - 2023-01-19 11:50:51 --> Class "CodeIgniter\Specialite" not found
in APPPATH/Controllers/SpecialiteController.php on line 17.
 1 SYSTEMPATH/CodeIgniter.php(906): App\Controllers\SpecialiteController->__construct()
 2 SYSTEMPATH/CodeIgniter.php(490): CodeIgniter\CodeIgniter->createController()
 3 SYSTEMPATH/CodeIgniter.php(368): CodeIgniter\CodeIgniter->handleRequest()
 4 FCPATH/index.php(67): CodeIgniter\CodeIgniter->run()
 5 SYSTEMPATH/Commands/Server/rewrite.php(47): require_once('FCPATH/index.php')
ERROR - 2023-01-19 14:06:49 --> mysqli_sql_exception: Unknown column 'specialite.idspecialty' in 'where clause' in /var/www/html/education/vendor/codeigniter4/framework/system/Database/MySQLi/Connection.php:295
Stack trace:
#0 /var/www/html/education/vendor/codeigniter4/framework/system/Database/MySQLi/Connection.php(295): mysqli->query()
#1 /var/www/html/education/vendor/codeigniter4/framework/system/Database/BaseConnection.php(691): CodeIgniter\Database\MySQLi\Connection->execute()
#2 /var/www/html/education/vendor/codeigniter4/framework/system/Database/BaseConnection.php(605): CodeIgniter\Database\BaseConnection->simpleQuery()
#3 /var/www/html/education/vendor/codeigniter4/framework/system/Database/BaseBuilder.php(1602): CodeIgniter\Database\BaseConnection->query()
#4 /var/www/html/education/app/Models/Specialite.php(39): CodeIgniter\Database\BaseBuilder->get()
#5 /var/www/html/education/app/Controllers/SpecialiteController.php(31): App\Models\Specialite->findSpecialty()
#6 /var/www/html/education/vendor/codeigniter4/framework/system/CodeIgniter.php(934): App\Controllers\SpecialiteController->show()
#7 /var/www/html/education/vendor/codeigniter4/framework/system/CodeIgniter.php(499): CodeIgniter\CodeIgniter->runController()
#8 /var/www/html/education/vendor/codeigniter4/framework/system/CodeIgniter.php(368): CodeIgniter\CodeIgniter->handleRequest()
#9 /var/www/html/education/public/index.php(67): CodeIgniter\CodeIgniter->run()
#10 /var/www/html/education/vendor/codeigniter4/framework/system/Commands/Server/rewrite.php(47): require_once('...')
#11 {main}
CRITICAL - 2023-01-19 14:06:49 --> Unknown column 'specialite.idspecialty' in 'where clause'
in SYSTEMPATH/Database/BaseConnection.php on line 645.
 1 SYSTEMPATH/Database/BaseBuilder.php(1602): CodeIgniter\Database\BaseConnection->query()
 2 APPPATH/Models/Specialite.php(39): CodeIgniter\Database\BaseBuilder->get()
 3 APPPATH/Controllers/SpecialiteController.php(31): App\Models\Specialite->findSpecialty()
 4 SYSTEMPATH/CodeIgniter.php(934): App\Controllers\SpecialiteController->show()
 5 SYSTEMPATH/CodeIgniter.php(499): CodeIgniter\CodeIgniter->runController()
 6 SYSTEMPATH/CodeIgniter.php(368): CodeIgniter\CodeIgniter->handleRequest()
 7 FCPATH/index.php(67): CodeIgniter\CodeIgniter->run()
 8 SYSTEMPATH/Commands/Server/rewrite.php(47): require_once('FCPATH/index.php')
ERROR - 2023-01-19 14:07:21 --> mysqli_sql_exception: Unknown column 'specialite.idspecialty' in 'where clause' in /var/www/html/education/vendor/codeigniter4/framework/system/Database/MySQLi/Connection.php:295
Stack trace:
#0 /var/www/html/education/vendor/codeigniter4/framework/system/Database/MySQLi/Connection.php(295): mysqli->query()
#1 /var/www/html/education/vendor/codeigniter4/framework/system/Database/BaseConnection.php(691): CodeIgniter\Database\MySQLi\Connection->execute()
#2 /var/www/html/education/vendor/codeigniter4/framework/system/Database/BaseConnection.php(605): CodeIgniter\Database\BaseConnection->simpleQuery()
#3 /var/www/html/education/vendor/codeigniter4/framework/system/Database/BaseBuilder.php(1602): CodeIgniter\Database\BaseConnection->query()
#4 /var/www/html/education/app/Models/Specialite.php(39): CodeIgniter\Database\BaseBuilder->get()
#5 /var/www/html/education/app/Controllers/SpecialiteController.php(31): App\Models\Specialite->findSpecialty()
#6 /var/www/html/education/vendor/codeigniter4/framework/system/CodeIgniter.php(934): App\Controllers\SpecialiteController->show()
#7 /var/www/html/education/vendor/codeigniter4/framework/system/CodeIgniter.php(499): CodeIgniter\CodeIgniter->runController()
#8 /var/www/html/education/vendor/codeigniter4/framework/system/CodeIgniter.php(368): CodeIgniter\CodeIgniter->handleRequest()
#9 /var/www/html/education/public/index.php(67): CodeIgniter\CodeIgniter->run()
#10 /var/www/html/education/vendor/codeigniter4/framework/system/Commands/Server/rewrite.php(47): require_once('...')
#11 {main}
CRITICAL - 2023-01-19 14:07:21 --> Unknown column 'specialite.idspecialty' in 'where clause'
in SYSTEMPATH/Database/BaseConnection.php on line 645.
 1 SYSTEMPATH/Database/BaseBuilder.php(1602): CodeIgniter\Database\BaseConnection->query()
 2 APPPATH/Models/Specialite.php(39): CodeIgniter\Database\BaseBuilder->get()
 3 APPPATH/Controllers/SpecialiteController.php(31): App\Models\Specialite->findSpecialty()
 4 SYSTEMPATH/CodeIgniter.php(934): App\Controllers\SpecialiteController->show()
 5 SYSTEMPATH/CodeIgniter.php(499): CodeIgniter\CodeIgniter->runController()
 6 SYSTEMPATH/CodeIgniter.php(368): CodeIgniter\CodeIgniter->handleRequest()
 7 FCPATH/index.php(67): CodeIgniter\CodeIgniter->run()
 8 SYSTEMPATH/Commands/Server/rewrite.php(47): require_once('FCPATH/index.php')
ERROR - 2023-01-19 14:07:44 --> mysqli_sql_exception: Unknown column 'specialite.idspecialty' in 'where clause' in /var/www/html/education/vendor/codeigniter4/framework/system/Database/MySQLi/Connection.php:295
Stack trace:
#0 /var/www/html/education/vendor/codeigniter4/framework/system/Database/MySQLi/Connection.php(295): mysqli->query()
#1 /var/www/html/education/vendor/codeigniter4/framework/system/Database/BaseConnection.php(691): CodeIgniter\Database\MySQLi\Connection->execute()
#2 /var/www/html/education/vendor/codeigniter4/framework/system/Database/BaseConnection.php(605): CodeIgniter\Database\BaseConnection->simpleQuery()
#3 /var/www/html/education/vendor/codeigniter4/framework/system/Database/BaseBuilder.php(1602): CodeIgniter\Database\BaseConnection->query()
#4 /var/www/html/education/app/Models/Specialite.php(39): CodeIgniter\Database\BaseBuilder->get()
#5 /var/www/html/education/app/Controllers/SpecialiteController.php(31): App\Models\Specialite->findSpecialty()
#6 /var/www/html/education/vendor/codeigniter4/framework/system/CodeIgniter.php(934): App\Controllers\SpecialiteController->show()
#7 /var/www/html/education/vendor/codeigniter4/framework/system/CodeIgniter.php(499): CodeIgniter\CodeIgniter->runController()
#8 /var/www/html/education/vendor/codeigniter4/framework/system/CodeIgniter.php(368): CodeIgniter\CodeIgniter->handleRequest()
#9 /var/www/html/education/public/index.php(67): CodeIgniter\CodeIgniter->run()
#10 /var/www/html/education/vendor/codeigniter4/framework/system/Commands/Server/rewrite.php(47): require_once('...')
#11 {main}
CRITICAL - 2023-01-19 14:07:44 --> Unknown column 'specialite.idspecialty' in 'where clause'
in SYSTEMPATH/Database/BaseConnection.php on line 645.
 1 SYSTEMPATH/Database/BaseBuilder.php(1602): CodeIgniter\Database\BaseConnection->query()
 2 APPPATH/Models/Specialite.php(39): CodeIgniter\Database\BaseBuilder->get()
 3 APPPATH/Controllers/SpecialiteController.php(31): App\Models\Specialite->findSpecialty()
 4 SYSTEMPATH/CodeIgniter.php(934): App\Controllers\SpecialiteController->show()
 5 SYSTEMPATH/CodeIgniter.php(499): CodeIgniter\CodeIgniter->runController()
 6 SYSTEMPATH/CodeIgniter.php(368): CodeIgniter\CodeIgniter->handleRequest()
 7 FCPATH/index.php(67): CodeIgniter\CodeIgniter->run()
 8 SYSTEMPATH/Commands/Server/rewrite.php(47): require_once('FCPATH/index.php')
ERROR - 2023-01-19 14:07:56 --> mysqli_sql_exception: Unknown column 'specialite.idspecialty' in 'where clause' in /var/www/html/education/vendor/codeigniter4/framework/system/Database/MySQLi/Connection.php:295
Stack trace:
#0 /var/www/html/education/vendor/codeigniter4/framework/system/Database/MySQLi/Connection.php(295): mysqli->query()
#1 /var/www/html/education/vendor/codeigniter4/framework/system/Database/BaseConnection.php(691): CodeIgniter\Database\MySQLi\Connection->execute()
#2 /var/www/html/education/vendor/codeigniter4/framework/system/Database/BaseConnection.php(605): CodeIgniter\Database\BaseConnection->simpleQuery()
#3 /var/www/html/education/vendor/codeigniter4/framework/system/Database/BaseBuilder.php(1602): CodeIgniter\Database\BaseConnection->query()
#4 /var/www/html/education/app/Models/Specialite.php(39): CodeIgniter\Database\BaseBuilder->get()
#5 /var/www/html/education/app/Controllers/SpecialiteController.php(31): App\Models\Specialite->findSpecialty()
#6 /var/www/html/education/vendor/codeigniter4/framework/system/CodeIgniter.php(934): App\Controllers\SpecialiteController->show()
#7 /var/www/html/education/vendor/codeigniter4/framework/system/CodeIgniter.php(499): CodeIgniter\CodeIgniter->runController()
#8 /var/www/html/education/vendor/codeigniter4/framework/system/CodeIgniter.php(368): CodeIgniter\CodeIgniter->handleRequest()
#9 /var/www/html/education/public/index.php(67): CodeIgniter\CodeIgniter->run()
#10 /var/www/html/education/vendor/codeigniter4/framework/system/Commands/Server/rewrite.php(47): require_once('...')
#11 {main}
CRITICAL - 2023-01-19 14:07:56 --> Unknown column 'specialite.idspecialty' in 'where clause'
in SYSTEMPATH/Database/BaseConnection.php on line 645.
 1 SYSTEMPATH/Database/BaseBuilder.php(1602): CodeIgniter\Database\BaseConnection->query()
 2 APPPATH/Models/Specialite.php(39): CodeIgniter\Database\BaseBuilder->get()
 3 APPPATH/Controllers/SpecialiteController.php(31): App\Models\Specialite->findSpecialty()
 4 SYSTEMPATH/CodeIgniter.php(934): App\Controllers\SpecialiteController->show()
 5 SYSTEMPATH/CodeIgniter.php(499): CodeIgniter\CodeIgniter->runController()
 6 SYSTEMPATH/CodeIgniter.php(368): CodeIgniter\CodeIgniter->handleRequest()
 7 FCPATH/index.php(67): CodeIgniter\CodeIgniter->run()
 8 SYSTEMPATH/Commands/Server/rewrite.php(47): require_once('FCPATH/index.php')
